{"/Users/benatiribarren/Desktop/TFG/health-insight-api/src/biometrics/application/use-cases/GetUnifiedSessionReport.ts": {"path":"/Users/benatiribarren/Desktop/TFG/health-insight-api/src/biometrics/application/use-cases/GetUnifiedSessionReport.ts","all":false,"statementMap":{"0":{"start":{"line":1,"column":0},"end":{"line":1,"column":114}},"1":{"start":{"line":2,"column":0},"end":{"line":2,"column":0}},"2":{"start":{"line":3,"column":0},"end":{"line":3,"column":38}},"3":{"start":{"line":4,"column":0},"end":{"line":4,"column":81}},"4":{"start":{"line":5,"column":0},"end":{"line":5,"column":0}},"5":{"start":{"line":6,"column":0},"end":{"line":6,"column":58}},"6":{"start":{"line":7,"column":0},"end":{"line":7,"column":106}},"7":{"start":{"line":8,"column":0},"end":{"line":8,"column":0}},"8":{"start":{"line":9,"column":0},"end":{"line":9,"column":67}},"9":{"start":{"line":10,"column":0},"end":{"line":10,"column":80}},"10":{"start":{"line":11,"column":0},"end":{"line":11,"column":0}},"11":{"start":{"line":12,"column":0},"end":{"line":12,"column":53}},"12":{"start":{"line":13,"column":0},"end":{"line":13,"column":46}},"13":{"start":{"line":14,"column":0},"end":{"line":14,"column":51}},"14":{"start":{"line":15,"column":0},"end":{"line":15,"column":48}},"15":{"start":{"line":16,"column":0},"end":{"line":16,"column":11}},"16":{"start":{"line":17,"column":0},"end":{"line":17,"column":71}},"17":{"start":{"line":18,"column":0},"end":{"line":18,"column":69}},"18":{"start":{"line":19,"column":0},"end":{"line":19,"column":0}},"19":{"start":{"line":20,"column":0},"end":{"line":20,"column":31}},"20":{"start":{"line":21,"column":0},"end":{"line":21,"column":100}},"21":{"start":{"line":22,"column":0},"end":{"line":22,"column":47}},"22":{"start":{"line":23,"column":0},"end":{"line":23,"column":0}},"23":{"start":{"line":24,"column":0},"end":{"line":24,"column":62}},"24":{"start":{"line":25,"column":0},"end":{"line":25,"column":80}},"25":{"start":{"line":26,"column":0},"end":{"line":26,"column":0}},"26":{"start":{"line":27,"column":0},"end":{"line":27,"column":49}},"27":{"start":{"line":28,"column":0},"end":{"line":28,"column":52}},"28":{"start":{"line":29,"column":0},"end":{"line":29,"column":0}},"29":{"start":{"line":30,"column":0},"end":{"line":30,"column":48}},"30":{"start":{"line":31,"column":0},"end":{"line":31,"column":93}},"31":{"start":{"line":32,"column":0},"end":{"line":32,"column":0}},"32":{"start":{"line":33,"column":0},"end":{"line":33,"column":94}},"33":{"start":{"line":34,"column":0},"end":{"line":34,"column":0}},"34":{"start":{"line":35,"column":0},"end":{"line":35,"column":72}},"35":{"start":{"line":36,"column":0},"end":{"line":36,"column":0}},"36":{"start":{"line":37,"column":0},"end":{"line":37,"column":84}},"37":{"start":{"line":38,"column":0},"end":{"line":38,"column":100}},"38":{"start":{"line":39,"column":0},"end":{"line":39,"column":0}},"39":{"start":{"line":40,"column":0},"end":{"line":40,"column":25}},"40":{"start":{"line":41,"column":0},"end":{"line":41,"column":143}},"41":{"start":{"line":42,"column":0},"end":{"line":42,"column":136}},"42":{"start":{"line":43,"column":0},"end":{"line":43,"column":0}},"43":{"start":{"line":44,"column":0},"end":{"line":44,"column":65}},"44":{"start":{"line":45,"column":0},"end":{"line":45,"column":59}},"45":{"start":{"line":46,"column":0},"end":{"line":46,"column":66}},"46":{"start":{"line":47,"column":0},"end":{"line":47,"column":103}},"47":{"start":{"line":48,"column":0},"end":{"line":48,"column":99}},"48":{"start":{"line":49,"column":0},"end":{"line":49,"column":64}},"49":{"start":{"line":50,"column":0},"end":{"line":50,"column":15}},"50":{"start":{"line":51,"column":0},"end":{"line":51,"column":0}},"51":{"start":{"line":52,"column":0},"end":{"line":52,"column":108}},"52":{"start":{"line":53,"column":0},"end":{"line":53,"column":0}},"53":{"start":{"line":54,"column":0},"end":{"line":54,"column":73}},"54":{"start":{"line":55,"column":0},"end":{"line":55,"column":0}},"55":{"start":{"line":56,"column":0},"end":{"line":56,"column":162}},"56":{"start":{"line":57,"column":0},"end":{"line":57,"column":0}},"57":{"start":{"line":58,"column":0},"end":{"line":58,"column":20}},"58":{"start":{"line":59,"column":0},"end":{"line":59,"column":38}},"59":{"start":{"line":60,"column":0},"end":{"line":60,"column":37}},"60":{"start":{"line":61,"column":0},"end":{"line":61,"column":80}},"61":{"start":{"line":62,"column":0},"end":{"line":62,"column":38}},"62":{"start":{"line":63,"column":0},"end":{"line":63,"column":72}},"63":{"start":{"line":64,"column":0},"end":{"line":64,"column":74}},"64":{"start":{"line":65,"column":0},"end":{"line":65,"column":129}},"65":{"start":{"line":66,"column":0},"end":{"line":66,"column":18}},"66":{"start":{"line":67,"column":0},"end":{"line":67,"column":79}},"67":{"start":{"line":68,"column":0},"end":{"line":68,"column":14}},"68":{"start":{"line":69,"column":0},"end":{"line":69,"column":71}},"69":{"start":{"line":70,"column":0},"end":{"line":70,"column":0}},"70":{"start":{"line":71,"column":0},"end":{"line":71,"column":58}},"71":{"start":{"line":72,"column":0},"end":{"line":72,"column":5}},"72":{"start":{"line":73,"column":0},"end":{"line":73,"column":0}},"73":{"start":{"line":74,"column":0},"end":{"line":74,"column":92}},"74":{"start":{"line":75,"column":0},"end":{"line":75,"column":92}},"75":{"start":{"line":76,"column":0},"end":{"line":76,"column":31}},"76":{"start":{"line":77,"column":0},"end":{"line":77,"column":29}},"77":{"start":{"line":78,"column":0},"end":{"line":78,"column":27}},"78":{"start":{"line":79,"column":0},"end":{"line":79,"column":90}},"79":{"start":{"line":80,"column":0},"end":{"line":80,"column":62}},"80":{"start":{"line":81,"column":0},"end":{"line":81,"column":92}},"81":{"start":{"line":82,"column":0},"end":{"line":82,"column":14}},"82":{"start":{"line":83,"column":0},"end":{"line":83,"column":11}},"83":{"start":{"line":84,"column":0},"end":{"line":84,"column":22}},"84":{"start":{"line":85,"column":0},"end":{"line":85,"column":5}},"85":{"start":{"line":86,"column":0},"end":{"line":86,"column":0}},"86":{"start":{"line":87,"column":0},"end":{"line":87,"column":78}},"87":{"start":{"line":88,"column":0},"end":{"line":88,"column":62}},"88":{"start":{"line":89,"column":0},"end":{"line":89,"column":48}},"89":{"start":{"line":90,"column":0},"end":{"line":90,"column":46}},"90":{"start":{"line":91,"column":0},"end":{"line":91,"column":0}},"91":{"start":{"line":92,"column":0},"end":{"line":92,"column":25}},"92":{"start":{"line":93,"column":0},"end":{"line":93,"column":26}},"93":{"start":{"line":94,"column":0},"end":{"line":94,"column":62}},"94":{"start":{"line":95,"column":0},"end":{"line":95,"column":48}},"95":{"start":{"line":96,"column":0},"end":{"line":96,"column":14}},"96":{"start":{"line":97,"column":0},"end":{"line":97,"column":37}},"97":{"start":{"line":98,"column":0},"end":{"line":98,"column":45}},"98":{"start":{"line":99,"column":0},"end":{"line":99,"column":0}},"99":{"start":{"line":100,"column":0},"end":{"line":100,"column":60}},"100":{"start":{"line":101,"column":0},"end":{"line":101,"column":16}},"101":{"start":{"line":102,"column":0},"end":{"line":102,"column":88}},"102":{"start":{"line":103,"column":0},"end":{"line":103,"column":35}},"103":{"start":{"line":104,"column":0},"end":{"line":104,"column":34}},"104":{"start":{"line":105,"column":0},"end":{"line":105,"column":10}},"105":{"start":{"line":106,"column":0},"end":{"line":106,"column":5}},"106":{"start":{"line":107,"column":0},"end":{"line":107,"column":0}},"107":{"start":{"line":108,"column":0},"end":{"line":108,"column":54}},"108":{"start":{"line":109,"column":0},"end":{"line":109,"column":124}},"109":{"start":{"line":110,"column":0},"end":{"line":110,"column":64}},"110":{"start":{"line":111,"column":0},"end":{"line":111,"column":59}},"111":{"start":{"line":112,"column":0},"end":{"line":112,"column":97}},"112":{"start":{"line":113,"column":0},"end":{"line":113,"column":74}},"113":{"start":{"line":114,"column":0},"end":{"line":114,"column":10}},"114":{"start":{"line":115,"column":0},"end":{"line":115,"column":138}},"115":{"start":{"line":116,"column":0},"end":{"line":116,"column":71}},"116":{"start":{"line":117,"column":0},"end":{"line":117,"column":5}},"117":{"start":{"line":118,"column":0},"end":{"line":118,"column":0}},"118":{"start":{"line":119,"column":0},"end":{"line":119,"column":42}},"119":{"start":{"line":120,"column":0},"end":{"line":120,"column":16}},"120":{"start":{"line":121,"column":0},"end":{"line":121,"column":46}},"121":{"start":{"line":122,"column":0},"end":{"line":122,"column":33}},"122":{"start":{"line":123,"column":0},"end":{"line":123,"column":36}},"123":{"start":{"line":124,"column":0},"end":{"line":124,"column":32}},"124":{"start":{"line":125,"column":0},"end":{"line":125,"column":34}},"125":{"start":{"line":126,"column":0},"end":{"line":126,"column":68}},"126":{"start":{"line":127,"column":0},"end":{"line":127,"column":70}},"127":{"start":{"line":128,"column":0},"end":{"line":128,"column":24}},"128":{"start":{"line":129,"column":0},"end":{"line":129,"column":14}},"129":{"start":{"line":130,"column":0},"end":{"line":130,"column":70}},"130":{"start":{"line":131,"column":0},"end":{"line":131,"column":10}},"131":{"start":{"line":132,"column":0},"end":{"line":132,"column":5}},"132":{"start":{"line":133,"column":0},"end":{"line":133,"column":1}}},"s":{"0":1,"1":1,"2":1,"3":5,"4":5,"5":5,"6":2,"7":2,"8":2,"9":1,"10":0,"11":0,"12":0,"13":0,"14":0,"15":0,"16":0,"17":0,"18":0,"19":0,"20":0,"21":2,"22":2,"23":2,"24":2,"25":2,"26":2,"27":0,"28":0,"29":0,"30":0,"31":0,"32":0,"33":0,"34":0,"35":0,"36":0,"37":0,"38":0,"39":0,"40":0,"41":0,"42":0,"43":0,"44":0,"45":0,"46":0,"47":0,"48":0,"49":0,"50":0,"51":0,"52":0,"53":0,"54":0,"55":0,"56":0,"57":0,"58":0,"59":0,"60":0,"61":0,"62":0,"63":0,"64":0,"65":0,"66":0,"67":0,"68":2,"69":2,"70":2,"71":2,"72":5,"73":5,"74":0,"75":0,"76":0,"77":0,"78":0,"79":0,"80":0,"81":0,"82":0,"83":0,"84":0,"85":5,"86":5,"87":0,"88":0,"89":0,"90":0,"91":0,"92":0,"93":0,"94":0,"95":0,"96":0,"97":0,"98":0,"99":0,"100":0,"101":0,"102":0,"103":0,"104":0,"105":0,"106":5,"107":5,"108":0,"109":0,"110":0,"111":0,"112":0,"113":0,"114":0,"115":0,"116":0,"117":5,"118":5,"119":1,"120":1,"121":1,"122":1,"123":1,"124":1,"125":1,"126":1,"127":1,"128":1,"129":1,"130":1,"131":1,"132":5},"branchMap":{"0":{"type":"branch","line":3,"loc":{"start":{"line":3,"column":36},"end":{"line":133,"column":1}},"locations":[{"start":{"line":3,"column":36},"end":{"line":133,"column":1}}]},"1":{"type":"branch","line":4,"loc":{"start":{"line":4,"column":4},"end":{"line":4,"column":81}},"locations":[{"start":{"line":4,"column":4},"end":{"line":4,"column":81}}]},"2":{"type":"branch","line":6,"loc":{"start":{"line":6,"column":4},"end":{"line":72,"column":5}},"locations":[{"start":{"line":6,"column":4},"end":{"line":72,"column":5}}]},"3":{"type":"branch","line":9,"loc":{"start":{"line":9,"column":30},"end":{"line":10,"column":80}},"locations":[{"start":{"line":9,"column":30},"end":{"line":10,"column":80}}]},"4":{"type":"branch","line":11,"loc":{"start":{"line":11,"column":-1},"end":{"line":22,"column":46}},"locations":[{"start":{"line":11,"column":-1},"end":{"line":22,"column":46}}]},"5":{"type":"branch","line":71,"loc":{"start":{"line":71,"column":25},"end":{"line":71,"column":47}},"locations":[{"start":{"line":71,"column":25},"end":{"line":71,"column":47}}]},"6":{"type":"branch","line":71,"loc":{"start":{"line":71,"column":48},"end":{"line":71,"column":57}},"locations":[{"start":{"line":71,"column":48},"end":{"line":71,"column":57}}]},"7":{"type":"branch","line":10,"loc":{"start":{"line":10,"column":51},"end":{"line":10,"column":78}},"locations":[{"start":{"line":10,"column":51},"end":{"line":10,"column":78}}]},"8":{"type":"branch","line":119,"loc":{"start":{"line":119,"column":12},"end":{"line":132,"column":5}},"locations":[{"start":{"line":119,"column":12},"end":{"line":132,"column":5}}]},"9":{"type":"branch","line":126,"loc":{"start":{"line":126,"column":62},"end":{"line":126,"column":67}},"locations":[{"start":{"line":126,"column":62},"end":{"line":126,"column":67}}]},"10":{"type":"branch","line":127,"loc":{"start":{"line":127,"column":64},"end":{"line":127,"column":69}},"locations":[{"start":{"line":127,"column":64},"end":{"line":127,"column":69}}]}},"b":{"0":[5],"1":[5],"2":[2],"3":[1],"4":[0],"5":[0],"6":[0],"7":[1],"8":[1],"9":[0],"10":[0]},"fnMap":{"0":{"name":"<instance_members_initializer>","decl":{"start":{"line":3,"column":36},"end":{"line":133,"column":1}},"loc":{"start":{"line":3,"column":36},"end":{"line":133,"column":1}},"line":3},"1":{"name":"GetUnifiedSessionReport","decl":{"start":{"line":4,"column":4},"end":{"line":4,"column":81}},"loc":{"start":{"line":4,"column":4},"end":{"line":4,"column":81}},"line":4},"2":{"name":"execute","decl":{"start":{"line":6,"column":4},"end":{"line":72,"column":5}},"loc":{"start":{"line":6,"column":4},"end":{"line":72,"column":5}},"line":6},"3":{"name":"calculateMetrics","decl":{"start":{"line":74,"column":12},"end":{"line":85,"column":5}},"loc":{"start":{"line":74,"column":12},"end":{"line":85,"column":5}},"line":74},"4":{"name":"getStats","decl":{"start":{"line":87,"column":12},"end":{"line":106,"column":5}},"loc":{"start":{"line":87,"column":12},"end":{"line":106,"column":5}},"line":87},"5":{"name":"calculateDizziness","decl":{"start":{"line":108,"column":12},"end":{"line":117,"column":5}},"loc":{"start":{"line":108,"column":12},"end":{"line":117,"column":5}},"line":108},"6":{"name":"mapEmptyReport","decl":{"start":{"line":119,"column":12},"end":{"line":132,"column":5}},"loc":{"start":{"line":119,"column":12},"end":{"line":132,"column":5}},"line":119}},"f":{"0":5,"1":5,"2":2,"3":0,"4":0,"5":0,"6":1}}
,"/Users/benatiribarren/Desktop/TFG/health-insight-api/src/biometrics/application/use-cases/RegisterPresenceMinute.ts": {"path":"/Users/benatiribarren/Desktop/TFG/health-insight-api/src/biometrics/application/use-cases/RegisterPresenceMinute.ts","all":false,"statementMap":{"0":{"start":{"line":1,"column":0},"end":{"line":1,"column":80}},"1":{"start":{"line":2,"column":0},"end":{"line":2,"column":67}},"2":{"start":{"line":3,"column":0},"end":{"line":3,"column":0}},"3":{"start":{"line":4,"column":0},"end":{"line":4,"column":15}},"4":{"start":{"line":5,"column":0},"end":{"line":5,"column":22}},"5":{"start":{"line":6,"column":0},"end":{"line":6,"column":24}},"6":{"start":{"line":7,"column":0},"end":{"line":7,"column":29}},"7":{"start":{"line":8,"column":0},"end":{"line":8,"column":29}},"8":{"start":{"line":9,"column":0},"end":{"line":9,"column":2}},"9":{"start":{"line":10,"column":0},"end":{"line":10,"column":0}},"10":{"start":{"line":11,"column":0},"end":{"line":11,"column":37}},"11":{"start":{"line":12,"column":0},"end":{"line":12,"column":35}},"12":{"start":{"line":13,"column":0},"end":{"line":13,"column":104}},"13":{"start":{"line":14,"column":0},"end":{"line":14,"column":5}},"14":{"start":{"line":15,"column":0},"end":{"line":15,"column":0}},"15":{"start":{"line":16,"column":0},"end":{"line":16,"column":50}},"16":{"start":{"line":17,"column":0},"end":{"line":17,"column":63}},"17":{"start":{"line":18,"column":0},"end":{"line":18,"column":98}},"18":{"start":{"line":19,"column":0},"end":{"line":19,"column":76}},"19":{"start":{"line":20,"column":0},"end":{"line":20,"column":73}},"20":{"start":{"line":21,"column":0},"end":{"line":21,"column":9}},"21":{"start":{"line":22,"column":0},"end":{"line":22,"column":85}},"22":{"start":{"line":23,"column":0},"end":{"line":23,"column":51}},"23":{"start":{"line":24,"column":0},"end":{"line":24,"column":9}},"24":{"start":{"line":25,"column":0},"end":{"line":25,"column":104}},"25":{"start":{"line":26,"column":0},"end":{"line":26,"column":82}},"26":{"start":{"line":27,"column":0},"end":{"line":27,"column":9}},"27":{"start":{"line":28,"column":0},"end":{"line":28,"column":78}},"28":{"start":{"line":29,"column":0},"end":{"line":29,"column":76}},"29":{"start":{"line":30,"column":0},"end":{"line":30,"column":9}},"30":{"start":{"line":31,"column":0},"end":{"line":31,"column":5}},"31":{"start":{"line":32,"column":0},"end":{"line":32,"column":0}},"32":{"start":{"line":33,"column":0},"end":{"line":33,"column":35}},"33":{"start":{"line":34,"column":0},"end":{"line":34,"column":31}},"34":{"start":{"line":35,"column":0},"end":{"line":35,"column":32}},"35":{"start":{"line":36,"column":0},"end":{"line":36,"column":0}},"36":{"start":{"line":37,"column":0},"end":{"line":37,"column":79}},"37":{"start":{"line":38,"column":0},"end":{"line":38,"column":38}},"38":{"start":{"line":39,"column":0},"end":{"line":39,"column":0}},"39":{"start":{"line":40,"column":0},"end":{"line":40,"column":62}},"40":{"start":{"line":41,"column":0},"end":{"line":41,"column":0}},"41":{"start":{"line":42,"column":0},"end":{"line":42,"column":80}},"42":{"start":{"line":43,"column":0},"end":{"line":43,"column":38}},"43":{"start":{"line":44,"column":0},"end":{"line":44,"column":67}},"44":{"start":{"line":45,"column":0},"end":{"line":45,"column":47}},"45":{"start":{"line":46,"column":0},"end":{"line":46,"column":60}},"46":{"start":{"line":47,"column":0},"end":{"line":47,"column":22}},"47":{"start":{"line":48,"column":0},"end":{"line":48,"column":0}},"48":{"start":{"line":49,"column":0},"end":{"line":49,"column":54}},"49":{"start":{"line":50,"column":0},"end":{"line":50,"column":0}},"50":{"start":{"line":51,"column":0},"end":{"line":51,"column":42}},"51":{"start":{"line":52,"column":0},"end":{"line":52,"column":37}},"52":{"start":{"line":53,"column":0},"end":{"line":53,"column":55}},"53":{"start":{"line":54,"column":0},"end":{"line":54,"column":59}},"54":{"start":{"line":55,"column":0},"end":{"line":55,"column":0}},"55":{"start":{"line":56,"column":0},"end":{"line":56,"column":26}},"56":{"start":{"line":57,"column":0},"end":{"line":57,"column":58}},"57":{"start":{"line":58,"column":0},"end":{"line":58,"column":38}},"58":{"start":{"line":59,"column":0},"end":{"line":59,"column":69}},"59":{"start":{"line":60,"column":0},"end":{"line":60,"column":46}},"60":{"start":{"line":61,"column":0},"end":{"line":61,"column":72}},"61":{"start":{"line":62,"column":0},"end":{"line":62,"column":38}},"62":{"start":{"line":63,"column":0},"end":{"line":63,"column":39}},"63":{"start":{"line":64,"column":0},"end":{"line":64,"column":58}},"64":{"start":{"line":65,"column":0},"end":{"line":65,"column":52}},"65":{"start":{"line":66,"column":0},"end":{"line":66,"column":13}},"66":{"start":{"line":67,"column":0},"end":{"line":67,"column":66}},"67":{"start":{"line":68,"column":0},"end":{"line":68,"column":9}},"68":{"start":{"line":69,"column":0},"end":{"line":69,"column":0}},"69":{"start":{"line":70,"column":0},"end":{"line":70,"column":61}},"70":{"start":{"line":71,"column":0},"end":{"line":71,"column":38}},"71":{"start":{"line":72,"column":0},"end":{"line":72,"column":21}},"72":{"start":{"line":73,"column":0},"end":{"line":73,"column":45}},"73":{"start":{"line":74,"column":0},"end":{"line":74,"column":49}},"74":{"start":{"line":75,"column":0},"end":{"line":75,"column":45}},"75":{"start":{"line":76,"column":0},"end":{"line":76,"column":55}},"76":{"start":{"line":77,"column":0},"end":{"line":77,"column":56}},"77":{"start":{"line":78,"column":0},"end":{"line":78,"column":71}},"78":{"start":{"line":79,"column":0},"end":{"line":79,"column":14}},"79":{"start":{"line":80,"column":0},"end":{"line":80,"column":31}},"80":{"start":{"line":81,"column":0},"end":{"line":81,"column":0}},"81":{"start":{"line":82,"column":0},"end":{"line":82,"column":50}},"82":{"start":{"line":83,"column":0},"end":{"line":83,"column":43}},"83":{"start":{"line":84,"column":0},"end":{"line":84,"column":5}},"84":{"start":{"line":85,"column":0},"end":{"line":85,"column":1}}},"s":{"0":1,"1":1,"2":1,"3":1,"4":1,"5":1,"6":1,"7":1,"8":1,"9":1,"10":1,"11":1,"12":0,"13":0,"14":1,"15":1,"16":0,"17":0,"18":0,"19":0,"20":0,"21":0,"22":0,"23":0,"24":0,"25":0,"26":0,"27":0,"28":0,"29":0,"30":0,"31":1,"32":1,"33":0,"34":0,"35":0,"36":0,"37":0,"38":0,"39":0,"40":0,"41":0,"42":0,"43":0,"44":0,"45":0,"46":0,"47":0,"48":0,"49":0,"50":0,"51":0,"52":0,"53":0,"54":0,"55":0,"56":0,"57":0,"58":0,"59":0,"60":0,"61":0,"62":0,"63":0,"64":0,"65":0,"66":0,"67":0,"68":0,"69":0,"70":0,"71":0,"72":0,"73":0,"74":0,"75":0,"76":0,"77":0,"78":0,"79":0,"80":0,"81":0,"82":0,"83":0,"84":1},"branchMap":{},"b":{},"fnMap":{"0":{"name":"isUuid","decl":{"start":{"line":12,"column":12},"end":{"line":14,"column":5}},"loc":{"start":{"line":12,"column":12},"end":{"line":14,"column":5}},"line":12},"1":{"name":"validate","decl":{"start":{"line":16,"column":12},"end":{"line":31,"column":5}},"loc":{"start":{"line":16,"column":12},"end":{"line":31,"column":5}},"line":16},"2":{"name":"execute","decl":{"start":{"line":33,"column":4},"end":{"line":84,"column":5}},"loc":{"start":{"line":33,"column":4},"end":{"line":84,"column":5}},"line":33}},"f":{"0":0,"1":0,"2":0}}
,"/Users/benatiribarren/Desktop/TFG/health-insight-api/src/biometrics/application/use-cases/SyncDailyBiometrics.ts": {"path":"/Users/benatiribarren/Desktop/TFG/health-insight-api/src/biometrics/application/use-cases/SyncDailyBiometrics.ts","all":false,"statementMap":{"0":{"start":{"line":1,"column":0},"end":{"line":1,"column":86}},"1":{"start":{"line":2,"column":0},"end":{"line":2,"column":39}},"2":{"start":{"line":3,"column":0},"end":{"line":3,"column":34}},"3":{"start":{"line":4,"column":0},"end":{"line":4,"column":106}},"4":{"start":{"line":5,"column":0},"end":{"line":5,"column":0}},"5":{"start":{"line":6,"column":0},"end":{"line":6,"column":34}},"6":{"start":{"line":7,"column":0},"end":{"line":7,"column":31}},"7":{"start":{"line":8,"column":0},"end":{"line":8,"column":28}},"8":{"start":{"line":9,"column":0},"end":{"line":9,"column":22}},"9":{"start":{"line":10,"column":0},"end":{"line":10,"column":62}},"10":{"start":{"line":11,"column":0},"end":{"line":11,"column":65}},"11":{"start":{"line":12,"column":0},"end":{"line":12,"column":9}},"12":{"start":{"line":13,"column":0},"end":{"line":13,"column":7}},"13":{"start":{"line":14,"column":0},"end":{"line":14,"column":52}},"14":{"start":{"line":15,"column":0},"end":{"line":15,"column":52}},"15":{"start":{"line":16,"column":0},"end":{"line":16,"column":0}},"16":{"start":{"line":17,"column":0},"end":{"line":17,"column":77}},"17":{"start":{"line":18,"column":0},"end":{"line":18,"column":0}},"18":{"start":{"line":19,"column":0},"end":{"line":19,"column":47}},"19":{"start":{"line":20,"column":0},"end":{"line":20,"column":36}},"20":{"start":{"line":21,"column":0},"end":{"line":21,"column":62}},"21":{"start":{"line":22,"column":0},"end":{"line":22,"column":0}},"22":{"start":{"line":23,"column":0},"end":{"line":23,"column":12}},"23":{"start":{"line":24,"column":0},"end":{"line":24,"column":80}},"24":{"start":{"line":25,"column":0},"end":{"line":25,"column":36}},"25":{"start":{"line":26,"column":0},"end":{"line":26,"column":49}},"26":{"start":{"line":27,"column":0},"end":{"line":27,"column":52}},"27":{"start":{"line":28,"column":0},"end":{"line":28,"column":15}},"28":{"start":{"line":29,"column":0},"end":{"line":29,"column":61}},"29":{"start":{"line":30,"column":0},"end":{"line":30,"column":87}},"30":{"start":{"line":31,"column":0},"end":{"line":31,"column":63}},"31":{"start":{"line":32,"column":0},"end":{"line":32,"column":36}},"32":{"start":{"line":33,"column":0},"end":{"line":33,"column":0}},"33":{"start":{"line":34,"column":0},"end":{"line":34,"column":90}},"34":{"start":{"line":35,"column":0},"end":{"line":35,"column":52}},"35":{"start":{"line":36,"column":0},"end":{"line":36,"column":0}},"36":{"start":{"line":37,"column":0},"end":{"line":37,"column":40}},"37":{"start":{"line":38,"column":0},"end":{"line":38,"column":17}},"38":{"start":{"line":39,"column":0},"end":{"line":39,"column":115}},"39":{"start":{"line":40,"column":0},"end":{"line":40,"column":67}},"40":{"start":{"line":41,"column":0},"end":{"line":41,"column":0}},"41":{"start":{"line":42,"column":0},"end":{"line":42,"column":41}},"42":{"start":{"line":43,"column":0},"end":{"line":43,"column":76}},"43":{"start":{"line":44,"column":0},"end":{"line":44,"column":68}},"44":{"start":{"line":45,"column":0},"end":{"line":45,"column":66}},"45":{"start":{"line":46,"column":0},"end":{"line":46,"column":100}},"46":{"start":{"line":47,"column":0},"end":{"line":47,"column":0}},"47":{"start":{"line":48,"column":0},"end":{"line":48,"column":44}},"48":{"start":{"line":49,"column":0},"end":{"line":49,"column":59}},"49":{"start":{"line":50,"column":0},"end":{"line":50,"column":0}},"50":{"start":{"line":51,"column":0},"end":{"line":51,"column":66}},"51":{"start":{"line":52,"column":0},"end":{"line":52,"column":43}},"52":{"start":{"line":53,"column":0},"end":{"line":53,"column":43}},"53":{"start":{"line":54,"column":0},"end":{"line":54,"column":46}},"54":{"start":{"line":55,"column":0},"end":{"line":55,"column":70}},"55":{"start":{"line":56,"column":0},"end":{"line":56,"column":49}},"56":{"start":{"line":57,"column":0},"end":{"line":57,"column":51}},"57":{"start":{"line":58,"column":0},"end":{"line":58,"column":54}},"58":{"start":{"line":59,"column":0},"end":{"line":59,"column":46}},"59":{"start":{"line":60,"column":0},"end":{"line":60,"column":53}},"60":{"start":{"line":61,"column":0},"end":{"line":61,"column":55}},"61":{"start":{"line":62,"column":0},"end":{"line":62,"column":26}},"62":{"start":{"line":63,"column":0},"end":{"line":63,"column":21}},"63":{"start":{"line":64,"column":0},"end":{"line":64,"column":0}},"64":{"start":{"line":65,"column":0},"end":{"line":65,"column":56}},"65":{"start":{"line":66,"column":0},"end":{"line":66,"column":88}},"66":{"start":{"line":67,"column":0},"end":{"line":67,"column":0}},"67":{"start":{"line":68,"column":0},"end":{"line":68,"column":49}},"68":{"start":{"line":69,"column":0},"end":{"line":69,"column":92}},"69":{"start":{"line":70,"column":0},"end":{"line":70,"column":0}},"70":{"start":{"line":71,"column":0},"end":{"line":71,"column":57}},"71":{"start":{"line":72,"column":0},"end":{"line":72,"column":98}},"72":{"start":{"line":73,"column":0},"end":{"line":73,"column":0}},"73":{"start":{"line":74,"column":0},"end":{"line":74,"column":62}},"74":{"start":{"line":75,"column":0},"end":{"line":75,"column":102}},"75":{"start":{"line":76,"column":0},"end":{"line":76,"column":0}},"76":{"start":{"line":77,"column":0},"end":{"line":77,"column":64}},"77":{"start":{"line":78,"column":0},"end":{"line":78,"column":91}},"78":{"start":{"line":79,"column":0},"end":{"line":79,"column":0}},"79":{"start":{"line":80,"column":0},"end":{"line":80,"column":59}},"80":{"start":{"line":81,"column":0},"end":{"line":81,"column":111}},"81":{"start":{"line":82,"column":0},"end":{"line":82,"column":17}},"82":{"start":{"line":83,"column":0},"end":{"line":83,"column":37}},"83":{"start":{"line":84,"column":0},"end":{"line":84,"column":9}},"84":{"start":{"line":85,"column":0},"end":{"line":85,"column":0}},"85":{"start":{"line":86,"column":0},"end":{"line":86,"column":56}},"86":{"start":{"line":87,"column":0},"end":{"line":87,"column":0}},"87":{"start":{"line":88,"column":0},"end":{"line":88,"column":38}},"88":{"start":{"line":89,"column":0},"end":{"line":89,"column":71}},"89":{"start":{"line":90,"column":0},"end":{"line":90,"column":9}},"90":{"start":{"line":91,"column":0},"end":{"line":91,"column":0}},"91":{"start":{"line":92,"column":0},"end":{"line":92,"column":16}},"92":{"start":{"line":93,"column":0},"end":{"line":93,"column":30}},"93":{"start":{"line":94,"column":0},"end":{"line":94,"column":32}},"94":{"start":{"line":95,"column":0},"end":{"line":95,"column":89}},"95":{"start":{"line":96,"column":0},"end":{"line":96,"column":10}},"96":{"start":{"line":97,"column":0},"end":{"line":97,"column":5}},"97":{"start":{"line":98,"column":0},"end":{"line":98,"column":1}}},"s":{"0":1,"1":1,"2":1,"3":1,"4":1,"5":1,"6":5,"7":5,"8":5,"9":5,"10":5,"11":5,"12":5,"13":5,"14":5,"15":5,"16":5,"17":5,"18":5,"19":0,"20":0,"21":0,"22":0,"23":0,"24":0,"25":0,"26":0,"27":0,"28":0,"29":0,"30":0,"31":0,"32":0,"33":0,"34":0,"35":0,"36":0,"37":0,"38":0,"39":0,"40":0,"41":0,"42":0,"43":0,"44":0,"45":0,"46":0,"47":0,"48":0,"49":0,"50":0,"51":0,"52":0,"53":0,"54":0,"55":0,"56":0,"57":0,"58":0,"59":0,"60":0,"61":0,"62":0,"63":0,"64":0,"65":0,"66":0,"67":0,"68":0,"69":0,"70":0,"71":0,"72":0,"73":0,"74":0,"75":0,"76":0,"77":0,"78":0,"79":0,"80":0,"81":0,"82":0,"83":0,"84":0,"85":0,"86":0,"87":0,"88":0,"89":0,"90":0,"91":0,"92":0,"93":0,"94":0,"95":0,"96":0,"97":5},"branchMap":{"0":{"type":"branch","line":6,"loc":{"start":{"line":6,"column":32},"end":{"line":98,"column":1}},"locations":[{"start":{"line":6,"column":32},"end":{"line":98,"column":1}}]},"1":{"type":"branch","line":17,"loc":{"start":{"line":17,"column":4},"end":{"line":17,"column":77}},"locations":[{"start":{"line":17,"column":4},"end":{"line":17,"column":77}}]}},"b":{"0":[5],"1":[5]},"fnMap":{"0":{"name":"<instance_members_initializer>","decl":{"start":{"line":6,"column":32},"end":{"line":98,"column":1}},"loc":{"start":{"line":6,"column":32},"end":{"line":98,"column":1}},"line":6},"1":{"name":"SyncDailyBiometrics","decl":{"start":{"line":17,"column":4},"end":{"line":17,"column":77}},"loc":{"start":{"line":17,"column":4},"end":{"line":17,"column":77}},"line":17},"2":{"name":"execute","decl":{"start":{"line":19,"column":4},"end":{"line":97,"column":5}},"loc":{"start":{"line":19,"column":4},"end":{"line":97,"column":5}},"line":19}},"f":{"0":5,"1":5,"2":0}}
,"/Users/benatiribarren/Desktop/TFG/health-insight-api/src/biometrics/infrastructure/database/SupabaseBiometricsRepository.ts": {"path":"/Users/benatiribarren/Desktop/TFG/health-insight-api/src/biometrics/infrastructure/database/SupabaseBiometricsRepository.ts","all":false,"statementMap":{"0":{"start":{"line":1,"column":0},"end":{"line":1,"column":55}},"1":{"start":{"line":2,"column":0},"end":{"line":2,"column":73}},"2":{"start":{"line":3,"column":0},"end":{"line":3,"column":0}},"3":{"start":{"line":4,"column":0},"end":{"line":4,"column":43}},"4":{"start":{"line":5,"column":0},"end":{"line":5,"column":69}},"5":{"start":{"line":6,"column":0},"end":{"line":6,"column":0}},"6":{"start":{"line":7,"column":0},"end":{"line":7,"column":47}},"7":{"start":{"line":8,"column":0},"end":{"line":8,"column":43}},"8":{"start":{"line":9,"column":0},"end":{"line":9,"column":37}},"9":{"start":{"line":10,"column":0},"end":{"line":10,"column":27}},"10":{"start":{"line":11,"column":0},"end":{"line":11,"column":43}},"11":{"start":{"line":12,"column":0},"end":{"line":12,"column":15}},"12":{"start":{"line":13,"column":0},"end":{"line":13,"column":0}},"13":{"start":{"line":14,"column":0},"end":{"line":14,"column":31}},"14":{"start":{"line":15,"column":0},"end":{"line":15,"column":5}},"15":{"start":{"line":16,"column":0},"end":{"line":16,"column":1}}},"s":{"0":1,"1":1,"2":1,"3":1,"4":5,"5":5,"6":5,"7":0,"8":0,"9":0,"10":0,"11":0,"12":0,"13":0,"14":0,"15":5},"branchMap":{"0":{"type":"branch","line":4,"loc":{"start":{"line":4,"column":41},"end":{"line":16,"column":1}},"locations":[{"start":{"line":4,"column":41},"end":{"line":16,"column":1}}]},"1":{"type":"branch","line":5,"loc":{"start":{"line":5,"column":4},"end":{"line":5,"column":69}},"locations":[{"start":{"line":5,"column":4},"end":{"line":5,"column":69}}]}},"b":{"0":[5],"1":[5]},"fnMap":{"0":{"name":"<instance_members_initializer>","decl":{"start":{"line":4,"column":41},"end":{"line":16,"column":1}},"loc":{"start":{"line":4,"column":41},"end":{"line":16,"column":1}},"line":4},"1":{"name":"SupabaseBiometricsRepository","decl":{"start":{"line":5,"column":4},"end":{"line":5,"column":69}},"loc":{"start":{"line":5,"column":4},"end":{"line":5,"column":69}},"line":5},"2":{"name":"upsertBiometricMinutes","decl":{"start":{"line":7,"column":4},"end":{"line":15,"column":5}},"loc":{"start":{"line":7,"column":4},"end":{"line":15,"column":5}},"line":7}},"f":{"0":5,"1":5,"2":0}}
,"/Users/benatiribarren/Desktop/TFG/health-insight-api/src/biometrics/infrastructure/database/SupabaseSessionMetricsRepository.ts": {"path":"/Users/benatiribarren/Desktop/TFG/health-insight-api/src/biometrics/infrastructure/database/SupabaseSessionMetricsRepository.ts","all":false,"statementMap":{"0":{"start":{"line":1,"column":0},"end":{"line":1,"column":55}},"1":{"start":{"line":2,"column":0},"end":{"line":2,"column":0}},"2":{"start":{"line":3,"column":0},"end":{"line":3,"column":47}},"3":{"start":{"line":4,"column":0},"end":{"line":4,"column":59}},"4":{"start":{"line":5,"column":0},"end":{"line":5,"column":0}},"5":{"start":{"line":6,"column":0},"end":{"line":6,"column":72}},"6":{"start":{"line":7,"column":0},"end":{"line":7,"column":35}},"7":{"start":{"line":8,"column":0},"end":{"line":8,"column":38}},"8":{"start":{"line":9,"column":0},"end":{"line":9,"column":35}},"9":{"start":{"line":10,"column":0},"end":{"line":10,"column":65}},"10":{"start":{"line":11,"column":0},"end":{"line":11,"column":41}},"11":{"start":{"line":12,"column":0},"end":{"line":12,"column":0}},"12":{"start":{"line":13,"column":0},"end":{"line":13,"column":81}},"13":{"start":{"line":14,"column":0},"end":{"line":14,"column":0}},"14":{"start":{"line":15,"column":0},"end":{"line":15,"column":37}},"15":{"start":{"line":16,"column":0},"end":{"line":16,"column":40}},"16":{"start":{"line":17,"column":0},"end":{"line":17,"column":37}},"17":{"start":{"line":18,"column":0},"end":{"line":18,"column":81}},"18":{"start":{"line":19,"column":0},"end":{"line":19,"column":41}},"19":{"start":{"line":20,"column":0},"end":{"line":20,"column":0}},"20":{"start":{"line":21,"column":0},"end":{"line":21,"column":93}},"21":{"start":{"line":22,"column":0},"end":{"line":22,"column":0}},"22":{"start":{"line":23,"column":0},"end":{"line":23,"column":79}},"23":{"start":{"line":24,"column":0},"end":{"line":24,"column":0}},"24":{"start":{"line":25,"column":0},"end":{"line":25,"column":16}},"25":{"start":{"line":26,"column":0},"end":{"line":26,"column":38}},"26":{"start":{"line":27,"column":0},"end":{"line":27,"column":38}},"27":{"start":{"line":28,"column":0},"end":{"line":28,"column":10}},"28":{"start":{"line":29,"column":0},"end":{"line":29,"column":5}},"29":{"start":{"line":30,"column":0},"end":{"line":30,"column":0}},"30":{"start":{"line":31,"column":0},"end":{"line":31,"column":56}},"31":{"start":{"line":32,"column":0},"end":{"line":32,"column":74}},"32":{"start":{"line":33,"column":0},"end":{"line":33,"column":60}},"33":{"start":{"line":34,"column":0},"end":{"line":34,"column":0}},"34":{"start":{"line":35,"column":0},"end":{"line":35,"column":26}},"35":{"start":{"line":36,"column":0},"end":{"line":36,"column":37}},"36":{"start":{"line":37,"column":0},"end":{"line":37,"column":24}},"37":{"start":{"line":38,"column":0},"end":{"line":38,"column":40}},"38":{"start":{"line":39,"column":0},"end":{"line":39,"column":38}},"39":{"start":{"line":40,"column":0},"end":{"line":40,"column":57}},"40":{"start":{"line":41,"column":0},"end":{"line":41,"column":5}},"41":{"start":{"line":42,"column":0},"end":{"line":42,"column":1}}},"s":{"0":1,"1":1,"2":1,"3":5,"4":5,"5":5,"6":2,"7":2,"8":2,"9":2,"10":2,"11":2,"12":2,"13":2,"14":2,"15":2,"16":2,"17":2,"18":2,"19":2,"20":2,"21":2,"22":2,"23":2,"24":2,"25":2,"26":2,"27":2,"28":2,"29":5,"30":5,"31":0,"32":0,"33":0,"34":0,"35":0,"36":0,"37":0,"38":0,"39":0,"40":0,"41":5},"branchMap":{"0":{"type":"branch","line":3,"loc":{"start":{"line":3,"column":45},"end":{"line":42,"column":1}},"locations":[{"start":{"line":3,"column":45},"end":{"line":42,"column":1}}]},"1":{"type":"branch","line":4,"loc":{"start":{"line":4,"column":4},"end":{"line":4,"column":59}},"locations":[{"start":{"line":4,"column":4},"end":{"line":4,"column":59}}]},"2":{"type":"branch","line":6,"loc":{"start":{"line":6,"column":4},"end":{"line":29,"column":5}},"locations":[{"start":{"line":6,"column":4},"end":{"line":29,"column":5}}]},"3":{"type":"branch","line":26,"loc":{"start":{"line":26,"column":31},"end":{"line":26,"column":37}},"locations":[{"start":{"line":26,"column":31},"end":{"line":26,"column":37}}]}},"b":{"0":[5],"1":[5],"2":[2],"3":[0]},"fnMap":{"0":{"name":"<instance_members_initializer>","decl":{"start":{"line":3,"column":45},"end":{"line":42,"column":1}},"loc":{"start":{"line":3,"column":45},"end":{"line":42,"column":1}},"line":3},"1":{"name":"SupabaseSessionMetricsRepository","decl":{"start":{"line":4,"column":4},"end":{"line":4,"column":59}},"loc":{"start":{"line":4,"column":4},"end":{"line":4,"column":59}},"line":4},"2":{"name":"getFullSessionContext","decl":{"start":{"line":6,"column":4},"end":{"line":29,"column":5}},"loc":{"start":{"line":6,"column":4},"end":{"line":29,"column":5}},"line":6},"3":{"name":"getBiometricData","decl":{"start":{"line":31,"column":4},"end":{"line":41,"column":5}},"loc":{"start":{"line":31,"column":4},"end":{"line":41,"column":5}},"line":31}},"f":{"0":5,"1":5,"2":2,"3":0}}
,"/Users/benatiribarren/Desktop/TFG/health-insight-api/src/biometrics/infrastructure/endpoints/getSessionReport.ts": {"path":"/Users/benatiribarren/Desktop/TFG/health-insight-api/src/biometrics/infrastructure/endpoints/getSessionReport.ts","all":false,"statementMap":{"0":{"start":{"line":1,"column":0},"end":{"line":1,"column":42}},"1":{"start":{"line":2,"column":0},"end":{"line":2,"column":114}},"2":{"start":{"line":3,"column":0},"end":{"line":3,"column":94}},"3":{"start":{"line":4,"column":0},"end":{"line":4,"column":84}},"4":{"start":{"line":5,"column":0},"end":{"line":5,"column":0}},"5":{"start":{"line":6,"column":0},"end":{"line":6,"column":44}},"6":{"start":{"line":7,"column":0},"end":{"line":7,"column":48}},"7":{"start":{"line":8,"column":0},"end":{"line":8,"column":80}},"8":{"start":{"line":9,"column":0},"end":{"line":9,"column":64}},"9":{"start":{"line":10,"column":0},"end":{"line":10,"column":0}},"10":{"start":{"line":11,"column":0},"end":{"line":11,"column":82}},"11":{"start":{"line":12,"column":0},"end":{"line":12,"column":17}},"12":{"start":{"line":13,"column":0},"end":{"line":13,"column":71}},"13":{"start":{"line":14,"column":0},"end":{"line":14,"column":83}},"14":{"start":{"line":15,"column":0},"end":{"line":15,"column":0}},"15":{"start":{"line":16,"column":0},"end":{"line":16,"column":80}},"16":{"start":{"line":17,"column":0},"end":{"line":17,"column":97}},"17":{"start":{"line":18,"column":0},"end":{"line":18,"column":17}},"18":{"start":{"line":19,"column":0},"end":{"line":19,"column":0}},"19":{"start":{"line":20,"column":0},"end":{"line":20,"column":54}},"20":{"start":{"line":21,"column":0},"end":{"line":21,"column":30}},"21":{"start":{"line":22,"column":0},"end":{"line":22,"column":56}},"22":{"start":{"line":23,"column":0},"end":{"line":23,"column":97}},"23":{"start":{"line":24,"column":0},"end":{"line":24,"column":17}},"24":{"start":{"line":25,"column":0},"end":{"line":25,"column":87}},"25":{"start":{"line":26,"column":0},"end":{"line":26,"column":13}},"26":{"start":{"line":27,"column":0},"end":{"line":27,"column":11}},"27":{"start":{"line":28,"column":0},"end":{"line":28,"column":6}},"28":{"start":{"line":29,"column":0},"end":{"line":29,"column":1}}},"s":{"0":1,"1":1,"2":1,"3":1,"4":1,"5":5,"6":5,"7":5,"8":5,"9":5,"10":5,"11":2,"12":2,"13":2,"14":1,"15":2,"16":0,"17":0,"18":1,"19":1,"20":1,"21":1,"22":1,"23":1,"24":0,"25":0,"26":5,"27":5,"28":5},"branchMap":{"0":{"type":"branch","line":6,"loc":{"start":{"line":6,"column":0},"end":{"line":29,"column":1}},"locations":[{"start":{"line":6,"column":0},"end":{"line":29,"column":1}}]},"1":{"type":"branch","line":7,"loc":{"start":{"line":7,"column":11},"end":{"line":28,"column":5}},"locations":[{"start":{"line":7,"column":11},"end":{"line":28,"column":5}}]},"2":{"type":"branch","line":11,"loc":{"start":{"line":11,"column":55},"end":{"line":27,"column":9}},"locations":[{"start":{"line":11,"column":55},"end":{"line":27,"column":9}}]},"3":{"type":"branch","line":15,"loc":{"start":{"line":15,"column":-1},"end":{"line":16,"column":77}},"locations":[{"start":{"line":15,"column":-1},"end":{"line":16,"column":77}}]},"4":{"type":"branch","line":16,"loc":{"start":{"line":16,"column":79},"end":{"line":18,"column":17}},"locations":[{"start":{"line":16,"column":79},"end":{"line":18,"column":17}}]},"5":{"type":"branch","line":19,"loc":{"start":{"line":19,"column":-1},"end":{"line":26,"column":13}},"locations":[{"start":{"line":19,"column":-1},"end":{"line":26,"column":13}}]},"6":{"type":"branch","line":25,"loc":{"start":{"line":25,"column":-1},"end":{"line":26,"column":13}},"locations":[{"start":{"line":25,"column":-1},"end":{"line":26,"column":13}}]}},"b":{"0":[5],"1":[5],"2":[2],"3":[1],"4":[0],"5":[1],"6":[0]},"fnMap":{"0":{"name":"getSessionReport","decl":{"start":{"line":6,"column":0},"end":{"line":29,"column":1}},"loc":{"start":{"line":6,"column":0},"end":{"line":29,"column":1}},"line":6}},"f":{"0":5}}
,"/Users/benatiribarren/Desktop/TFG/health-insight-api/src/biometrics/infrastructure/endpoints/presenceMinute.ts": {"path":"/Users/benatiribarren/Desktop/TFG/health-insight-api/src/biometrics/infrastructure/endpoints/presenceMinute.ts","all":false,"statementMap":{"0":{"start":{"line":1,"column":0},"end":{"line":1,"column":72}},"1":{"start":{"line":2,"column":0},"end":{"line":2,"column":92}},"2":{"start":{"line":3,"column":0},"end":{"line":3,"column":0}},"3":{"start":{"line":4,"column":0},"end":{"line":4,"column":42}},"4":{"start":{"line":5,"column":0},"end":{"line":5,"column":54}},"5":{"start":{"line":6,"column":0},"end":{"line":6,"column":53}},"6":{"start":{"line":7,"column":0},"end":{"line":7,"column":0}},"7":{"start":{"line":8,"column":0},"end":{"line":8,"column":98}},"8":{"start":{"line":9,"column":0},"end":{"line":9,"column":17}},"9":{"start":{"line":10,"column":0},"end":{"line":10,"column":51}},"10":{"start":{"line":11,"column":0},"end":{"line":11,"column":81}},"11":{"start":{"line":12,"column":0},"end":{"line":12,"column":40}},"12":{"start":{"line":13,"column":0},"end":{"line":13,"column":37}},"13":{"start":{"line":14,"column":0},"end":{"line":14,"column":39}},"14":{"start":{"line":15,"column":0},"end":{"line":15,"column":18}},"15":{"start":{"line":16,"column":0},"end":{"line":16,"column":0}},"16":{"start":{"line":17,"column":0},"end":{"line":17,"column":64}},"17":{"start":{"line":18,"column":0},"end":{"line":18,"column":39}},"18":{"start":{"line":19,"column":0},"end":{"line":19,"column":32}},"19":{"start":{"line":20,"column":0},"end":{"line":20,"column":32}},"20":{"start":{"line":21,"column":0},"end":{"line":21,"column":48}},"21":{"start":{"line":22,"column":0},"end":{"line":22,"column":19}},"22":{"start":{"line":23,"column":0},"end":{"line":23,"column":0}},"23":{"start":{"line":24,"column":0},"end":{"line":24,"column":47}},"24":{"start":{"line":25,"column":0},"end":{"line":25,"column":33}},"25":{"start":{"line":26,"column":0},"end":{"line":26,"column":27}},"26":{"start":{"line":27,"column":0},"end":{"line":27,"column":48}},"27":{"start":{"line":28,"column":0},"end":{"line":28,"column":19}},"28":{"start":{"line":29,"column":0},"end":{"line":29,"column":34}},"29":{"start":{"line":30,"column":0},"end":{"line":30,"column":77}},"30":{"start":{"line":31,"column":0},"end":{"line":31,"column":64}},"31":{"start":{"line":32,"column":0},"end":{"line":32,"column":82}},"32":{"start":{"line":33,"column":0},"end":{"line":33,"column":13}},"33":{"start":{"line":34,"column":0},"end":{"line":34,"column":11}},"34":{"start":{"line":35,"column":0},"end":{"line":35,"column":6}},"35":{"start":{"line":36,"column":0},"end":{"line":36,"column":1}}},"s":{"0":1,"1":1,"2":1,"3":5,"4":5,"5":5,"6":5,"7":5,"8":0,"9":0,"10":0,"11":0,"12":0,"13":0,"14":0,"15":0,"16":0,"17":0,"18":0,"19":0,"20":0,"21":0,"22":0,"23":0,"24":0,"25":0,"26":0,"27":0,"28":0,"29":0,"30":0,"31":0,"32":0,"33":5,"34":5,"35":5},"branchMap":{"0":{"type":"branch","line":4,"loc":{"start":{"line":4,"column":0},"end":{"line":36,"column":1}},"locations":[{"start":{"line":4,"column":0},"end":{"line":36,"column":1}}]},"1":{"type":"branch","line":5,"loc":{"start":{"line":5,"column":11},"end":{"line":35,"column":5}},"locations":[{"start":{"line":5,"column":11},"end":{"line":35,"column":5}}]}},"b":{"0":[5],"1":[5]},"fnMap":{"0":{"name":"presenceMinute","decl":{"start":{"line":4,"column":0},"end":{"line":36,"column":1}},"loc":{"start":{"line":4,"column":0},"end":{"line":36,"column":1}},"line":4}},"f":{"0":5}}
,"/Users/benatiribarren/Desktop/TFG/health-insight-api/src/biometrics/infrastructure/endpoints/syncDailyBiometrics.ts": {"path":"/Users/benatiribarren/Desktop/TFG/health-insight-api/src/biometrics/infrastructure/endpoints/syncDailyBiometrics.ts","all":false,"statementMap":{"0":{"start":{"line":1,"column":0},"end":{"line":1,"column":72}},"1":{"start":{"line":2,"column":0},"end":{"line":2,"column":86}},"2":{"start":{"line":3,"column":0},"end":{"line":3,"column":88}},"3":{"start":{"line":4,"column":0},"end":{"line":4,"column":0}},"4":{"start":{"line":5,"column":0},"end":{"line":5,"column":87}},"5":{"start":{"line":6,"column":0},"end":{"line":6,"column":54}},"6":{"start":{"line":7,"column":0},"end":{"line":7,"column":60}},"7":{"start":{"line":8,"column":0},"end":{"line":8,"column":0}},"8":{"start":{"line":9,"column":0},"end":{"line":9,"column":104}},"9":{"start":{"line":10,"column":0},"end":{"line":10,"column":17}},"10":{"start":{"line":11,"column":0},"end":{"line":11,"column":67}},"11":{"start":{"line":12,"column":0},"end":{"line":12,"column":0}},"12":{"start":{"line":13,"column":0},"end":{"line":13,"column":38}},"13":{"start":{"line":14,"column":0},"end":{"line":14,"column":0}},"14":{"start":{"line":15,"column":0},"end":{"line":15,"column":34}},"15":{"start":{"line":16,"column":0},"end":{"line":16,"column":47}},"16":{"start":{"line":17,"column":0},"end":{"line":17,"column":59}},"17":{"start":{"line":18,"column":0},"end":{"line":18,"column":69}},"18":{"start":{"line":19,"column":0},"end":{"line":19,"column":17}},"19":{"start":{"line":20,"column":0},"end":{"line":20,"column":0}},"20":{"start":{"line":21,"column":0},"end":{"line":21,"column":46}},"21":{"start":{"line":22,"column":0},"end":{"line":22,"column":48}},"22":{"start":{"line":23,"column":0},"end":{"line":23,"column":51}},"23":{"start":{"line":24,"column":0},"end":{"line":24,"column":43}},"24":{"start":{"line":25,"column":0},"end":{"line":25,"column":34}},"25":{"start":{"line":26,"column":0},"end":{"line":26,"column":23}},"26":{"start":{"line":27,"column":0},"end":{"line":27,"column":17}},"27":{"start":{"line":28,"column":0},"end":{"line":28,"column":0}},"28":{"start":{"line":29,"column":0},"end":{"line":29,"column":65}},"29":{"start":{"line":30,"column":0},"end":{"line":30,"column":54}},"30":{"start":{"line":31,"column":0},"end":{"line":31,"column":34}},"31":{"start":{"line":32,"column":0},"end":{"line":32,"column":85}},"32":{"start":{"line":33,"column":0},"end":{"line":33,"column":76}},"33":{"start":{"line":34,"column":0},"end":{"line":34,"column":13}},"34":{"start":{"line":35,"column":0},"end":{"line":35,"column":11}},"35":{"start":{"line":36,"column":0},"end":{"line":36,"column":6}},"36":{"start":{"line":37,"column":0},"end":{"line":37,"column":1}}},"s":{"0":1,"1":1,"2":1,"3":1,"4":5,"5":5,"6":5,"7":5,"8":5,"9":0,"10":0,"11":0,"12":0,"13":0,"14":0,"15":0,"16":0,"17":0,"18":0,"19":0,"20":0,"21":0,"22":0,"23":0,"24":0,"25":0,"26":0,"27":0,"28":0,"29":0,"30":0,"31":0,"32":0,"33":0,"34":5,"35":5,"36":5},"branchMap":{"0":{"type":"branch","line":5,"loc":{"start":{"line":5,"column":0},"end":{"line":37,"column":1}},"locations":[{"start":{"line":5,"column":0},"end":{"line":37,"column":1}}]},"1":{"type":"branch","line":6,"loc":{"start":{"line":6,"column":11},"end":{"line":36,"column":5}},"locations":[{"start":{"line":6,"column":11},"end":{"line":36,"column":5}}]}},"b":{"0":[5],"1":[5]},"fnMap":{"0":{"name":"syncDailyBiometrics","decl":{"start":{"line":5,"column":0},"end":{"line":37,"column":1}},"loc":{"start":{"line":5,"column":0},"end":{"line":37,"column":1}},"line":5}},"f":{"0":5}}
,"/Users/benatiribarren/Desktop/TFG/health-insight-api/src/clinical-intelligence/application/DropoutAnalysisService.ts": {"path":"/Users/benatiribarren/Desktop/TFG/health-insight-api/src/clinical-intelligence/application/DropoutAnalysisService.ts","all":false,"statementMap":{"0":{"start":{"line":1,"column":0},"end":{"line":1,"column":75}},"1":{"start":{"line":2,"column":0},"end":{"line":2,"column":59}},"2":{"start":{"line":3,"column":0},"end":{"line":3,"column":61}},"3":{"start":{"line":4,"column":0},"end":{"line":4,"column":0}},"4":{"start":{"line":5,"column":0},"end":{"line":5,"column":37}},"5":{"start":{"line":6,"column":0},"end":{"line":6,"column":66}},"6":{"start":{"line":7,"column":0},"end":{"line":7,"column":0}},"7":{"start":{"line":8,"column":0},"end":{"line":8,"column":82}},"8":{"start":{"line":9,"column":0},"end":{"line":9,"column":13}},"9":{"start":{"line":10,"column":0},"end":{"line":10,"column":80}},"10":{"start":{"line":11,"column":0},"end":{"line":11,"column":0}},"11":{"start":{"line":12,"column":0},"end":{"line":12,"column":45}},"12":{"start":{"line":13,"column":0},"end":{"line":13,"column":72}},"13":{"start":{"line":14,"column":0},"end":{"line":14,"column":13}},"14":{"start":{"line":15,"column":0},"end":{"line":15,"column":0}},"15":{"start":{"line":16,"column":0},"end":{"line":16,"column":85}},"16":{"start":{"line":17,"column":0},"end":{"line":17,"column":0}},"17":{"start":{"line":18,"column":0},"end":{"line":18,"column":33}},"18":{"start":{"line":19,"column":0},"end":{"line":19,"column":54}},"19":{"start":{"line":20,"column":0},"end":{"line":20,"column":85}},"20":{"start":{"line":21,"column":0},"end":{"line":21,"column":17}},"21":{"start":{"line":22,"column":0},"end":{"line":22,"column":36}},"22":{"start":{"line":23,"column":0},"end":{"line":23,"column":71}},"23":{"start":{"line":24,"column":0},"end":{"line":24,"column":17}},"24":{"start":{"line":25,"column":0},"end":{"line":25,"column":15}},"25":{"start":{"line":26,"column":0},"end":{"line":26,"column":0}},"26":{"start":{"line":27,"column":0},"end":{"line":27,"column":95}},"27":{"start":{"line":28,"column":0},"end":{"line":28,"column":39}},"28":{"start":{"line":29,"column":0},"end":{"line":29,"column":58}},"29":{"start":{"line":30,"column":0},"end":{"line":30,"column":91}},"30":{"start":{"line":31,"column":0},"end":{"line":31,"column":18}},"31":{"start":{"line":32,"column":0},"end":{"line":32,"column":0}},"32":{"start":{"line":33,"column":0},"end":{"line":33,"column":88}},"33":{"start":{"line":34,"column":0},"end":{"line":34,"column":105}},"34":{"start":{"line":35,"column":0},"end":{"line":35,"column":0}},"35":{"start":{"line":36,"column":0},"end":{"line":36,"column":34}},"36":{"start":{"line":37,"column":0},"end":{"line":37,"column":43}},"37":{"start":{"line":38,"column":0},"end":{"line":38,"column":0}},"38":{"start":{"line":39,"column":0},"end":{"line":39,"column":34}},"39":{"start":{"line":40,"column":0},"end":{"line":40,"column":76}},"40":{"start":{"line":41,"column":0},"end":{"line":41,"column":113}},"41":{"start":{"line":42,"column":0},"end":{"line":42,"column":0}},"42":{"start":{"line":43,"column":0},"end":{"line":43,"column":39}},"43":{"start":{"line":44,"column":0},"end":{"line":44,"column":40}},"44":{"start":{"line":45,"column":0},"end":{"line":45,"column":62}},"45":{"start":{"line":46,"column":0},"end":{"line":46,"column":46}},"46":{"start":{"line":47,"column":0},"end":{"line":47,"column":40}},"47":{"start":{"line":48,"column":0},"end":{"line":48,"column":21}},"48":{"start":{"line":49,"column":0},"end":{"line":49,"column":0}},"49":{"start":{"line":50,"column":0},"end":{"line":50,"column":99}},"50":{"start":{"line":51,"column":0},"end":{"line":51,"column":79}},"51":{"start":{"line":52,"column":0},"end":{"line":52,"column":107}},"52":{"start":{"line":53,"column":0},"end":{"line":53,"column":0}},"53":{"start":{"line":54,"column":0},"end":{"line":54,"column":52}},"54":{"start":{"line":55,"column":0},"end":{"line":55,"column":44}},"55":{"start":{"line":56,"column":0},"end":{"line":56,"column":71}},"56":{"start":{"line":57,"column":0},"end":{"line":57,"column":58}},"57":{"start":{"line":58,"column":0},"end":{"line":58,"column":44}},"58":{"start":{"line":59,"column":0},"end":{"line":59,"column":65}},"59":{"start":{"line":60,"column":0},"end":{"line":60,"column":25}},"60":{"start":{"line":61,"column":0},"end":{"line":61,"column":21}},"61":{"start":{"line":62,"column":0},"end":{"line":62,"column":17}},"62":{"start":{"line":63,"column":0},"end":{"line":63,"column":0}},"63":{"start":{"line":64,"column":0},"end":{"line":64,"column":66}},"64":{"start":{"line":65,"column":0},"end":{"line":65,"column":36}},"65":{"start":{"line":66,"column":0},"end":{"line":66,"column":67}},"66":{"start":{"line":67,"column":0},"end":{"line":67,"column":17}},"67":{"start":{"line":68,"column":0},"end":{"line":68,"column":0}},"68":{"start":{"line":69,"column":0},"end":{"line":69,"column":24}},"69":{"start":{"line":70,"column":0},"end":{"line":70,"column":34}},"70":{"start":{"line":71,"column":0},"end":{"line":71,"column":33}},"71":{"start":{"line":72,"column":0},"end":{"line":72,"column":69}},"72":{"start":{"line":73,"column":0},"end":{"line":73,"column":94}},"73":{"start":{"line":74,"column":0},"end":{"line":74,"column":148}},"74":{"start":{"line":75,"column":0},"end":{"line":75,"column":27}},"75":{"start":{"line":76,"column":0},"end":{"line":76,"column":18}},"76":{"start":{"line":77,"column":0},"end":{"line":77,"column":15}},"77":{"start":{"line":78,"column":0},"end":{"line":78,"column":0}},"78":{"start":{"line":79,"column":0},"end":{"line":79,"column":69}},"79":{"start":{"line":80,"column":0},"end":{"line":80,"column":0}},"80":{"start":{"line":81,"column":0},"end":{"line":81,"column":25}},"81":{"start":{"line":82,"column":0},"end":{"line":82,"column":76}},"82":{"start":{"line":83,"column":0},"end":{"line":83,"column":9}},"83":{"start":{"line":84,"column":0},"end":{"line":84,"column":5}},"84":{"start":{"line":85,"column":0},"end":{"line":85,"column":1}}},"s":{"0":1,"1":1,"2":1,"3":1,"4":1,"5":10,"6":10,"7":10,"8":8,"9":8,"10":8,"11":8,"12":2,"13":2,"14":6,"15":6,"16":6,"17":6,"18":8,"19":7,"20":7,"21":8,"22":8,"23":8,"24":6,"25":6,"26":6,"27":7,"28":7,"29":1,"30":7,"31":7,"32":7,"33":7,"34":7,"35":7,"36":7,"37":7,"38":7,"39":4,"40":4,"41":4,"42":4,"43":2,"44":2,"45":2,"46":0,"47":0,"48":4,"49":4,"50":1,"51":1,"52":1,"53":1,"54":1,"55":1,"56":1,"57":0,"58":0,"59":0,"60":1,"61":4,"62":7,"63":7,"64":1,"65":1,"66":1,"67":7,"68":7,"69":7,"70":7,"71":7,"72":7,"73":7,"74":7,"75":7,"76":6,"77":6,"78":6,"79":6,"80":8,"81":0,"82":0,"83":8,"84":10},"branchMap":{"0":{"type":"branch","line":5,"loc":{"start":{"line":5,"column":35},"end":{"line":85,"column":1}},"locations":[{"start":{"line":5,"column":35},"end":{"line":85,"column":1}}]},"1":{"type":"branch","line":6,"loc":{"start":{"line":6,"column":4},"end":{"line":6,"column":66}},"locations":[{"start":{"line":6,"column":4},"end":{"line":6,"column":66}}]},"2":{"type":"branch","line":8,"loc":{"start":{"line":8,"column":4},"end":{"line":84,"column":5}},"locations":[{"start":{"line":8,"column":4},"end":{"line":84,"column":5}}]},"3":{"type":"branch","line":12,"loc":{"start":{"line":12,"column":44},"end":{"line":14,"column":13}},"locations":[{"start":{"line":12,"column":44},"end":{"line":14,"column":13}}]},"4":{"type":"branch","line":15,"loc":{"start":{"line":15,"column":-1},"end":{"line":81,"column":17}},"locations":[{"start":{"line":15,"column":-1},"end":{"line":81,"column":17}}]},"5":{"type":"branch","line":81,"loc":{"start":{"line":81,"column":10},"end":{"line":83,"column":9}},"locations":[{"start":{"line":81,"column":10},"end":{"line":83,"column":9}}]},"6":{"type":"branch","line":18,"loc":{"start":{"line":18,"column":25},"end":{"line":25,"column":13}},"locations":[{"start":{"line":18,"column":25},"end":{"line":25,"column":13}}]},"7":{"type":"branch","line":19,"loc":{"start":{"line":19,"column":53},"end":{"line":21,"column":17}},"locations":[{"start":{"line":19,"column":53},"end":{"line":21,"column":17}}]},"8":{"type":"branch","line":27,"loc":{"start":{"line":27,"column":81},"end":{"line":77,"column":13}},"locations":[{"start":{"line":27,"column":81},"end":{"line":77,"column":13}}]},"9":{"type":"branch","line":39,"loc":{"start":{"line":39,"column":33},"end":{"line":62,"column":17}},"locations":[{"start":{"line":39,"column":33},"end":{"line":62,"column":17}}]},"10":{"type":"branch","line":43,"loc":{"start":{"line":43,"column":38},"end":{"line":48,"column":21}},"locations":[{"start":{"line":43,"column":38},"end":{"line":48,"column":21}}]},"11":{"type":"branch","line":46,"loc":{"start":{"line":46,"column":45},"end":{"line":48,"column":21}},"locations":[{"start":{"line":46,"column":45},"end":{"line":48,"column":21}}]},"12":{"type":"branch","line":50,"loc":{"start":{"line":50,"column":67},"end":{"line":50,"column":96}},"locations":[{"start":{"line":50,"column":67},"end":{"line":50,"column":96}}]},"13":{"type":"branch","line":50,"loc":{"start":{"line":50,"column":98},"end":{"line":61,"column":21}},"locations":[{"start":{"line":50,"column":98},"end":{"line":61,"column":21}}]},"14":{"type":"branch","line":57,"loc":{"start":{"line":57,"column":25},"end":{"line":60,"column":25}},"locations":[{"start":{"line":57,"column":25},"end":{"line":60,"column":25}}]},"15":{"type":"branch","line":64,"loc":{"start":{"line":64,"column":33},"end":{"line":64,"column":63}},"locations":[{"start":{"line":64,"column":33},"end":{"line":64,"column":63}}]},"16":{"type":"branch","line":64,"loc":{"start":{"line":64,"column":65},"end":{"line":67,"column":17}},"locations":[{"start":{"line":64,"column":65},"end":{"line":67,"column":17}}]},"17":{"type":"branch","line":73,"loc":{"start":{"line":73,"column":43},"end":{"line":73,"column":55}},"locations":[{"start":{"line":73,"column":43},"end":{"line":73,"column":55}}]},"18":{"type":"branch","line":73,"loc":{"start":{"line":73,"column":73},"end":{"line":73,"column":85}},"locations":[{"start":{"line":73,"column":73},"end":{"line":73,"column":85}}]},"19":{"type":"branch","line":73,"loc":{"start":{"line":73,"column":86},"end":{"line":73,"column":93}},"locations":[{"start":{"line":73,"column":86},"end":{"line":73,"column":93}}]},"20":{"type":"branch","line":74,"loc":{"start":{"line":74,"column":44},"end":{"line":74,"column":143}},"locations":[{"start":{"line":74,"column":44},"end":{"line":74,"column":143}}]},"21":{"type":"branch","line":74,"loc":{"start":{"line":74,"column":144},"end":{"line":74,"column":147}},"locations":[{"start":{"line":74,"column":144},"end":{"line":74,"column":147}}]},"22":{"type":"branch","line":29,"loc":{"start":{"line":29,"column":49},"end":{"line":30,"column":91}},"locations":[{"start":{"line":29,"column":49},"end":{"line":30,"column":91}}]},"23":{"type":"branch","line":33,"loc":{"start":{"line":33,"column":50},"end":{"line":33,"column":86}},"locations":[{"start":{"line":33,"column":50},"end":{"line":33,"column":86}}]},"24":{"type":"branch","line":34,"loc":{"start":{"line":34,"column":67},"end":{"line":34,"column":103}},"locations":[{"start":{"line":34,"column":67},"end":{"line":34,"column":103}}]},"25":{"type":"branch","line":79,"loc":{"start":{"line":79,"column":32},"end":{"line":79,"column":67}},"locations":[{"start":{"line":79,"column":32},"end":{"line":79,"column":67}}]}},"b":{"0":[10],"1":[10],"2":[8],"3":[2],"4":[6],"5":[0],"6":[8],"7":[7],"8":[7],"9":[4],"10":[2],"11":[0],"12":[1],"13":[1],"14":[0],"15":[4],"16":[1],"17":[0],"18":[2],"19":[5],"20":[4],"21":[3],"22":[1],"23":[8],"24":[8],"25":[1]},"fnMap":{"0":{"name":"<instance_members_initializer>","decl":{"start":{"line":5,"column":35},"end":{"line":85,"column":1}},"loc":{"start":{"line":5,"column":35},"end":{"line":85,"column":1}},"line":5},"1":{"name":"DropoutAnalysisService","decl":{"start":{"line":6,"column":4},"end":{"line":6,"column":66}},"loc":{"start":{"line":6,"column":4},"end":{"line":6,"column":66}},"line":6},"2":{"name":"execute","decl":{"start":{"line":8,"column":4},"end":{"line":84,"column":5}},"loc":{"start":{"line":8,"column":4},"end":{"line":84,"column":5}},"line":8}},"f":{"0":10,"1":10,"2":8}}
,"/Users/benatiribarren/Desktop/TFG/health-insight-api/src/clinical-intelligence/domain/ClinicalError.ts": {"path":"/Users/benatiribarren/Desktop/TFG/health-insight-api/src/clinical-intelligence/domain/ClinicalError.ts","all":false,"statementMap":{"0":{"start":{"line":1,"column":0},"end":{"line":1,"column":35}},"1":{"start":{"line":2,"column":0},"end":{"line":2,"column":14}},"2":{"start":{"line":3,"column":0},"end":{"line":3,"column":29}},"3":{"start":{"line":4,"column":0},"end":{"line":4,"column":22}},"4":{"start":{"line":5,"column":0},"end":{"line":5,"column":30}},"5":{"start":{"line":6,"column":0},"end":{"line":6,"column":65}},"6":{"start":{"line":7,"column":0},"end":{"line":7,"column":9}},"7":{"start":{"line":8,"column":0},"end":{"line":8,"column":6}},"8":{"start":{"line":9,"column":0},"end":{"line":9,"column":13}},"9":{"start":{"line":10,"column":0},"end":{"line":10,"column":18}},"10":{"start":{"line":11,"column":0},"end":{"line":11,"column":41}},"11":{"start":{"line":12,"column":0},"end":{"line":12,"column":75}},"12":{"start":{"line":13,"column":0},"end":{"line":13,"column":23}},"13":{"start":{"line":14,"column":0},"end":{"line":14,"column":10}},"14":{"start":{"line":15,"column":0},"end":{"line":15,"column":26}},"15":{"start":{"line":16,"column":0},"end":{"line":16,"column":43}},"16":{"start":{"line":17,"column":0},"end":{"line":17,"column":69}},"17":{"start":{"line":18,"column":0},"end":{"line":18,"column":23}},"18":{"start":{"line":19,"column":0},"end":{"line":19,"column":9}},"19":{"start":{"line":20,"column":0},"end":{"line":20,"column":5}},"20":{"start":{"line":21,"column":0},"end":{"line":21,"column":11}}},"s":{"0":1,"1":1,"2":1,"3":1,"4":1,"5":1,"6":1,"7":1,"8":1,"9":1,"10":1,"11":1,"12":1,"13":1,"14":1,"15":1,"16":1,"17":1,"18":1,"19":1,"20":1},"branchMap":{},"b":{},"fnMap":{},"f":{}}
,"/Users/benatiribarren/Desktop/TFG/health-insight-api/src/clinical-intelligence/infrastructure/database/SupabaseDropoutRepository.ts": {"path":"/Users/benatiribarren/Desktop/TFG/health-insight-api/src/clinical-intelligence/infrastructure/database/SupabaseDropoutRepository.ts","all":false,"statementMap":{"0":{"start":{"line":1,"column":0},"end":{"line":1,"column":78}},"1":{"start":{"line":2,"column":0},"end":{"line":2,"column":81}},"2":{"start":{"line":3,"column":0},"end":{"line":3,"column":0}},"3":{"start":{"line":4,"column":0},"end":{"line":4,"column":69}},"4":{"start":{"line":5,"column":0},"end":{"line":5,"column":62}},"5":{"start":{"line":6,"column":0},"end":{"line":6,"column":0}},"6":{"start":{"line":7,"column":0},"end":{"line":7,"column":69}},"7":{"start":{"line":8,"column":0},"end":{"line":8,"column":33}},"8":{"start":{"line":9,"column":0},"end":{"line":9,"column":28}},"9":{"start":{"line":10,"column":0},"end":{"line":10,"column":21}},"10":{"start":{"line":11,"column":0},"end":{"line":11,"column":30}},"11":{"start":{"line":12,"column":0},"end":{"line":12,"column":21}},"12":{"start":{"line":13,"column":0},"end":{"line":13,"column":32}},"13":{"start":{"line":14,"column":0},"end":{"line":14,"column":34}},"14":{"start":{"line":15,"column":0},"end":{"line":15,"column":41}},"15":{"start":{"line":16,"column":0},"end":{"line":16,"column":48}},"16":{"start":{"line":17,"column":0},"end":{"line":17,"column":46}},"17":{"start":{"line":18,"column":0},"end":{"line":18,"column":45}},"18":{"start":{"line":19,"column":0},"end":{"line":19,"column":17}},"19":{"start":{"line":20,"column":0},"end":{"line":20,"column":15}},"20":{"start":{"line":21,"column":0},"end":{"line":21,"column":0}},"21":{"start":{"line":22,"column":0},"end":{"line":22,"column":24}},"22":{"start":{"line":23,"column":0},"end":{"line":23,"column":56}},"23":{"start":{"line":24,"column":0},"end":{"line":24,"column":9}},"24":{"start":{"line":25,"column":0},"end":{"line":25,"column":0}},"25":{"start":{"line":26,"column":0},"end":{"line":26,"column":44}},"26":{"start":{"line":27,"column":0},"end":{"line":27,"column":0}},"27":{"start":{"line":28,"column":0},"end":{"line":28,"column":31}},"28":{"start":{"line":29,"column":0},"end":{"line":29,"column":0}},"29":{"start":{"line":30,"column":0},"end":{"line":30,"column":49}},"30":{"start":{"line":31,"column":0},"end":{"line":31,"column":59}},"31":{"start":{"line":32,"column":0},"end":{"line":32,"column":45}},"32":{"start":{"line":33,"column":0},"end":{"line":33,"column":35}},"33":{"start":{"line":34,"column":0},"end":{"line":34,"column":26}},"34":{"start":{"line":35,"column":0},"end":{"line":35,"column":15}},"35":{"start":{"line":36,"column":0},"end":{"line":36,"column":10}},"36":{"start":{"line":37,"column":0},"end":{"line":37,"column":5}},"37":{"start":{"line":38,"column":0},"end":{"line":38,"column":1}}},"s":{"0":1,"1":1,"2":1,"3":1,"4":6,"5":6,"6":6,"7":6,"8":6,"9":6,"10":6,"11":6,"12":6,"13":6,"14":6,"15":6,"16":6,"17":6,"18":6,"19":6,"20":6,"21":6,"22":3,"23":3,"24":6,"25":6,"26":6,"27":6,"28":6,"29":6,"30":5,"31":5,"32":5,"33":5,"34":5,"35":6,"36":6,"37":6},"branchMap":{"0":{"type":"branch","line":4,"loc":{"start":{"line":4,"column":38},"end":{"line":38,"column":1}},"locations":[{"start":{"line":4,"column":38},"end":{"line":38,"column":1}}]},"1":{"type":"branch","line":5,"loc":{"start":{"line":5,"column":4},"end":{"line":5,"column":62}},"locations":[{"start":{"line":5,"column":4},"end":{"line":5,"column":62}}]},"2":{"type":"branch","line":7,"loc":{"start":{"line":7,"column":4},"end":{"line":37,"column":5}},"locations":[{"start":{"line":7,"column":4},"end":{"line":37,"column":5}}]},"3":{"type":"branch","line":22,"loc":{"start":{"line":22,"column":23},"end":{"line":24,"column":9}},"locations":[{"start":{"line":22,"column":23},"end":{"line":24,"column":9}}]},"4":{"type":"branch","line":28,"loc":{"start":{"line":28,"column":19},"end":{"line":28,"column":31}},"locations":[{"start":{"line":28,"column":19},"end":{"line":28,"column":31}}]},"5":{"type":"branch","line":30,"loc":{"start":{"line":30,"column":39},"end":{"line":35,"column":15}},"locations":[{"start":{"line":30,"column":39},"end":{"line":35,"column":15}}]},"6":{"type":"branch","line":31,"loc":{"start":{"line":31,"column":39},"end":{"line":35,"column":14}},"locations":[{"start":{"line":31,"column":39},"end":{"line":35,"column":14}}]}},"b":{"0":[6],"1":[6],"2":[6],"3":[3],"4":[0],"5":[5],"6":[5]},"fnMap":{"0":{"name":"<instance_members_initializer>","decl":{"start":{"line":4,"column":38},"end":{"line":38,"column":1}},"loc":{"start":{"line":4,"column":38},"end":{"line":38,"column":1}},"line":4},"1":{"name":"SupabaseDropoutRepository","decl":{"start":{"line":5,"column":4},"end":{"line":5,"column":62}},"loc":{"start":{"line":5,"column":4},"end":{"line":5,"column":62}},"line":5},"2":{"name":"getPatientSessionData","decl":{"start":{"line":7,"column":4},"end":{"line":37,"column":5}},"loc":{"start":{"line":7,"column":4},"end":{"line":37,"column":5}},"line":7}},"f":{"0":6,"1":6,"2":6}}
,"/Users/benatiribarren/Desktop/TFG/health-insight-api/src/clinical-intelligence/infrastructure/endpoints/predictDropout.ts": {"path":"/Users/benatiribarren/Desktop/TFG/health-insight-api/src/clinical-intelligence/infrastructure/endpoints/predictDropout.ts","all":false,"statementMap":{"0":{"start":{"line":1,"column":0},"end":{"line":1,"column":42}},"1":{"start":{"line":2,"column":0},"end":{"line":2,"column":82}},"2":{"start":{"line":3,"column":0},"end":{"line":3,"column":78}},"3":{"start":{"line":4,"column":0},"end":{"line":4,"column":64}},"4":{"start":{"line":5,"column":0},"end":{"line":5,"column":0}},"5":{"start":{"line":6,"column":0},"end":{"line":6,"column":90}},"6":{"start":{"line":7,"column":0},"end":{"line":7,"column":54}},"7":{"start":{"line":8,"column":0},"end":{"line":8,"column":77}},"8":{"start":{"line":9,"column":0},"end":{"line":9,"column":0}},"9":{"start":{"line":10,"column":0},"end":{"line":10,"column":101}},"10":{"start":{"line":11,"column":0},"end":{"line":11,"column":75}},"11":{"start":{"line":12,"column":0},"end":{"line":12,"column":0}},"12":{"start":{"line":13,"column":0},"end":{"line":13,"column":56}},"13":{"start":{"line":14,"column":0},"end":{"line":14,"column":65}},"14":{"start":{"line":15,"column":0},"end":{"line":15,"column":57}},"15":{"start":{"line":16,"column":0},"end":{"line":16,"column":36}},"16":{"start":{"line":17,"column":0},"end":{"line":17,"column":73}},"17":{"start":{"line":18,"column":0},"end":{"line":18,"column":19}},"18":{"start":{"line":19,"column":0},"end":{"line":19,"column":13}},"19":{"start":{"line":20,"column":0},"end":{"line":20,"column":0}},"20":{"start":{"line":21,"column":0},"end":{"line":21,"column":17}},"21":{"start":{"line":22,"column":0},"end":{"line":22,"column":64}},"22":{"start":{"line":23,"column":0},"end":{"line":23,"column":0}},"23":{"start":{"line":24,"column":0},"end":{"line":24,"column":39}},"24":{"start":{"line":25,"column":0},"end":{"line":25,"column":86}},"25":{"start":{"line":26,"column":0},"end":{"line":26,"column":53}},"26":{"start":{"line":27,"column":0},"end":{"line":27,"column":22}},"27":{"start":{"line":28,"column":0},"end":{"line":28,"column":0}},"28":{"start":{"line":29,"column":0},"end":{"line":29,"column":39}},"29":{"start":{"line":30,"column":0},"end":{"line":30,"column":83}},"30":{"start":{"line":31,"column":0},"end":{"line":31,"column":67}},"31":{"start":{"line":32,"column":0},"end":{"line":32,"column":44}},"32":{"start":{"line":33,"column":0},"end":{"line":33,"column":85}},"33":{"start":{"line":34,"column":0},"end":{"line":34,"column":27}},"34":{"start":{"line":35,"column":0},"end":{"line":35,"column":21}},"35":{"start":{"line":36,"column":0},"end":{"line":36,"column":0}},"36":{"start":{"line":37,"column":0},"end":{"line":37,"column":66}},"37":{"start":{"line":38,"column":0},"end":{"line":38,"column":40}},"38":{"start":{"line":39,"column":0},"end":{"line":39,"column":87}},"39":{"start":{"line":40,"column":0},"end":{"line":40,"column":23}},"40":{"start":{"line":41,"column":0},"end":{"line":41,"column":17}},"41":{"start":{"line":42,"column":0},"end":{"line":42,"column":0}},"42":{"start":{"line":43,"column":0},"end":{"line":43,"column":84}},"43":{"start":{"line":44,"column":0},"end":{"line":44,"column":0}},"44":{"start":{"line":45,"column":0},"end":{"line":45,"column":66}},"45":{"start":{"line":46,"column":0},"end":{"line":46,"column":69}},"46":{"start":{"line":47,"column":0},"end":{"line":47,"column":61}},"47":{"start":{"line":48,"column":0},"end":{"line":48,"column":40}},"48":{"start":{"line":49,"column":0},"end":{"line":49,"column":77}},"49":{"start":{"line":50,"column":0},"end":{"line":50,"column":23}},"50":{"start":{"line":51,"column":0},"end":{"line":51,"column":17}},"51":{"start":{"line":52,"column":0},"end":{"line":52,"column":0}},"52":{"start":{"line":53,"column":0},"end":{"line":53,"column":62}},"53":{"start":{"line":54,"column":0},"end":{"line":54,"column":49}},"54":{"start":{"line":55,"column":0},"end":{"line":55,"column":51}},"55":{"start":{"line":56,"column":0},"end":{"line":56,"column":56}},"56":{"start":{"line":57,"column":0},"end":{"line":57,"column":19}},"57":{"start":{"line":58,"column":0},"end":{"line":58,"column":0}},"58":{"start":{"line":59,"column":0},"end":{"line":59,"column":29}},"59":{"start":{"line":60,"column":0},"end":{"line":60,"column":41}},"60":{"start":{"line":61,"column":0},"end":{"line":61,"column":75}},"61":{"start":{"line":62,"column":0},"end":{"line":62,"column":59}},"62":{"start":{"line":63,"column":0},"end":{"line":63,"column":36}},"63":{"start":{"line":64,"column":0},"end":{"line":64,"column":77}},"64":{"start":{"line":65,"column":0},"end":{"line":65,"column":19}},"65":{"start":{"line":66,"column":0},"end":{"line":66,"column":13}},"66":{"start":{"line":67,"column":0},"end":{"line":67,"column":11}},"67":{"start":{"line":68,"column":0},"end":{"line":68,"column":6}},"68":{"start":{"line":69,"column":0},"end":{"line":69,"column":1}}},"s":{"0":1,"1":1,"2":1,"3":1,"4":1,"5":5,"6":5,"7":5,"8":5,"9":5,"10":3,"11":3,"12":3,"13":0,"14":0,"15":0,"16":0,"17":0,"18":0,"19":3,"20":3,"21":3,"22":3,"23":3,"24":1,"25":1,"26":1,"27":1,"28":1,"29":0,"30":0,"31":0,"32":0,"33":0,"34":0,"35":1,"36":1,"37":1,"38":1,"39":1,"40":1,"41":2,"42":2,"43":2,"44":3,"45":0,"46":0,"47":0,"48":0,"49":0,"50":0,"51":2,"52":2,"53":2,"54":2,"55":3,"56":3,"57":3,"58":3,"59":0,"60":0,"61":0,"62":0,"63":0,"64":0,"65":0,"66":5,"67":5,"68":5},"branchMap":{"0":{"type":"branch","line":6,"loc":{"start":{"line":6,"column":0},"end":{"line":69,"column":1}},"locations":[{"start":{"line":6,"column":0},"end":{"line":69,"column":1}}]},"1":{"type":"branch","line":7,"loc":{"start":{"line":7,"column":11},"end":{"line":68,"column":5}},"locations":[{"start":{"line":7,"column":11},"end":{"line":68,"column":5}}]},"2":{"type":"branch","line":10,"loc":{"start":{"line":10,"column":74},"end":{"line":67,"column":9}},"locations":[{"start":{"line":10,"column":74},"end":{"line":67,"column":9}}]},"3":{"type":"branch","line":13,"loc":{"start":{"line":13,"column":25},"end":{"line":13,"column":53}},"locations":[{"start":{"line":13,"column":25},"end":{"line":13,"column":53}}]},"4":{"type":"branch","line":13,"loc":{"start":{"line":13,"column":55},"end":{"line":19,"column":13}},"locations":[{"start":{"line":13,"column":55},"end":{"line":19,"column":13}}]},"5":{"type":"branch","line":24,"loc":{"start":{"line":24,"column":38},"end":{"line":41,"column":17}},"locations":[{"start":{"line":24,"column":38},"end":{"line":41,"column":17}}]},"6":{"type":"branch","line":29,"loc":{"start":{"line":29,"column":38},"end":{"line":35,"column":21}},"locations":[{"start":{"line":29,"column":38},"end":{"line":35,"column":21}}]},"7":{"type":"branch","line":42,"loc":{"start":{"line":42,"column":-1},"end":{"line":45,"column":34}},"locations":[{"start":{"line":42,"column":-1},"end":{"line":45,"column":34}}]},"8":{"type":"branch","line":45,"loc":{"start":{"line":45,"column":29},"end":{"line":45,"column":63}},"locations":[{"start":{"line":45,"column":29},"end":{"line":45,"column":63}}]},"9":{"type":"branch","line":45,"loc":{"start":{"line":45,"column":65},"end":{"line":51,"column":17}},"locations":[{"start":{"line":45,"column":65},"end":{"line":51,"column":17}}]},"10":{"type":"branch","line":52,"loc":{"start":{"line":52,"column":-1},"end":{"line":56,"column":36}},"locations":[{"start":{"line":52,"column":-1},"end":{"line":56,"column":36}}]},"11":{"type":"branch","line":56,"loc":{"start":{"line":56,"column":36},"end":{"line":56,"column":47}},"locations":[{"start":{"line":56,"column":36},"end":{"line":56,"column":47}}]},"12":{"type":"branch","line":56,"loc":{"start":{"line":56,"column":48},"end":{"line":56,"column":56}},"locations":[{"start":{"line":56,"column":48},"end":{"line":56,"column":56}}]},"13":{"type":"branch","line":59,"loc":{"start":{"line":59,"column":14},"end":{"line":66,"column":13}},"locations":[{"start":{"line":59,"column":14},"end":{"line":66,"column":13}}]},"14":{"type":"branch","line":26,"loc":{"start":{"line":26,"column":24},"end":{"line":26,"column":53}},"locations":[{"start":{"line":26,"column":24},"end":{"line":26,"column":53}}]}},"b":{"0":[5],"1":[5],"2":[3],"3":[2],"4":[0],"5":[1],"6":[0],"7":[2],"8":[1],"9":[0],"10":[2],"11":[1],"12":[1],"13":[0],"14":[1]},"fnMap":{"0":{"name":"predictDropout","decl":{"start":{"line":6,"column":0},"end":{"line":69,"column":1}},"loc":{"start":{"line":6,"column":0},"end":{"line":69,"column":1}},"line":6}},"f":{"0":5}}
,"/Users/benatiribarren/Desktop/TFG/health-insight-api/src/common/domain/model/UserParameters.ts": {"path":"/Users/benatiribarren/Desktop/TFG/health-insight-api/src/common/domain/model/UserParameters.ts","all":true,"statementMap":{"0":{"start":{"line":1,"column":0},"end":{"line":1,"column":28}},"1":{"start":{"line":2,"column":0},"end":{"line":2,"column":31}},"2":{"start":{"line":3,"column":0},"end":{"line":3,"column":27}},"3":{"start":{"line":4,"column":0},"end":{"line":4,"column":30}}},"s":{"0":0,"1":0,"2":0,"3":0},"branchMap":{"0":{"type":"branch","line":1,"loc":{"start":{"line":1,"column":0},"end":{"line":4,"column":30}},"locations":[{"start":{"line":1,"column":0},"end":{"line":4,"column":30}}]}},"b":{"0":[0]},"fnMap":{"0":{"name":"(empty-report)","decl":{"start":{"line":1,"column":0},"end":{"line":4,"column":30}},"loc":{"start":{"line":1,"column":0},"end":{"line":4,"column":30}},"line":1}},"f":{"0":0}}
,"/Users/benatiribarren/Desktop/TFG/health-insight-api/src/common/infrastructure/database/initTestDatabase.ts": {"path":"/Users/benatiribarren/Desktop/TFG/health-insight-api/src/common/infrastructure/database/initTestDatabase.ts","all":false,"statementMap":{"0":{"start":{"line":1,"column":0},"end":{"line":1,"column":50}},"1":{"start":{"line":2,"column":0},"end":{"line":2,"column":41}},"2":{"start":{"line":3,"column":0},"end":{"line":3,"column":0}},"3":{"start":{"line":4,"column":0},"end":{"line":4,"column":42}},"4":{"start":{"line":5,"column":0},"end":{"line":5,"column":62}},"5":{"start":{"line":6,"column":0},"end":{"line":6,"column":70}},"6":{"start":{"line":7,"column":0},"end":{"line":7,"column":63}},"7":{"start":{"line":8,"column":0},"end":{"line":8,"column":63}},"8":{"start":{"line":9,"column":0},"end":{"line":9,"column":64}},"9":{"start":{"line":10,"column":0},"end":{"line":10,"column":72}},"10":{"start":{"line":11,"column":0},"end":{"line":11,"column":72}},"11":{"start":{"line":12,"column":0},"end":{"line":12,"column":0}},"12":{"start":{"line":13,"column":0},"end":{"line":13,"column":38}},"13":{"start":{"line":14,"column":0},"end":{"line":14,"column":0}},"14":{"start":{"line":15,"column":0},"end":{"line":15,"column":69}},"15":{"start":{"line":16,"column":0},"end":{"line":16,"column":24}},"16":{"start":{"line":17,"column":0},"end":{"line":17,"column":17}},"17":{"start":{"line":18,"column":0},"end":{"line":18,"column":34}},"18":{"start":{"line":19,"column":0},"end":{"line":19,"column":26}},"19":{"start":{"line":20,"column":0},"end":{"line":20,"column":28}},"20":{"start":{"line":21,"column":0},"end":{"line":21,"column":36}},"21":{"start":{"line":22,"column":0},"end":{"line":22,"column":31}},"22":{"start":{"line":23,"column":0},"end":{"line":23,"column":37}},"23":{"start":{"line":24,"column":0},"end":{"line":24,"column":24}},"24":{"start":{"line":25,"column":0},"end":{"line":25,"column":58}},"25":{"start":{"line":26,"column":0},"end":{"line":26,"column":37}},"26":{"start":{"line":27,"column":0},"end":{"line":27,"column":18}},"27":{"start":{"line":28,"column":0},"end":{"line":28,"column":0}},"28":{"start":{"line":29,"column":0},"end":{"line":29,"column":61}},"29":{"start":{"line":30,"column":0},"end":{"line":30,"column":69}},"30":{"start":{"line":31,"column":0},"end":{"line":31,"column":5}},"31":{"start":{"line":32,"column":0},"end":{"line":32,"column":0}},"32":{"start":{"line":33,"column":0},"end":{"line":33,"column":69}},"33":{"start":{"line":34,"column":0},"end":{"line":34,"column":24}},"34":{"start":{"line":35,"column":0},"end":{"line":35,"column":17}},"35":{"start":{"line":36,"column":0},"end":{"line":36,"column":22}},"36":{"start":{"line":37,"column":0},"end":{"line":37,"column":25}},"37":{"start":{"line":38,"column":0},"end":{"line":38,"column":10}},"38":{"start":{"line":39,"column":0},"end":{"line":39,"column":18}},"39":{"start":{"line":40,"column":0},"end":{"line":40,"column":0}},"40":{"start":{"line":41,"column":0},"end":{"line":41,"column":61}},"41":{"start":{"line":42,"column":0},"end":{"line":42,"column":69}},"42":{"start":{"line":43,"column":0},"end":{"line":43,"column":5}},"43":{"start":{"line":44,"column":0},"end":{"line":44,"column":0}},"44":{"start":{"line":45,"column":0},"end":{"line":45,"column":82}},"45":{"start":{"line":46,"column":0},"end":{"line":46,"column":0}},"46":{"start":{"line":47,"column":0},"end":{"line":47,"column":36}},"47":{"start":{"line":48,"column":0},"end":{"line":48,"column":53}},"48":{"start":{"line":49,"column":0},"end":{"line":49,"column":0}},"49":{"start":{"line":50,"column":0},"end":{"line":50,"column":65}},"50":{"start":{"line":51,"column":0},"end":{"line":51,"column":31}},"51":{"start":{"line":52,"column":0},"end":{"line":52,"column":17}},"52":{"start":{"line":53,"column":0},
[...]
:{"line":89,"column":100}},"89":{"start":{"line":90,"column":0},"end":{"line":90,"column":37}},"90":{"start":{"line":91,"column":0},"end":{"line":91,"column":25}},"91":{"start":{"line":92,"column":0},"end":{"line":92,"column":38}},"92":{"start":{"line":93,"column":0},"end":{"line":93,"column":9}},"93":{"start":{"line":94,"column":0},"end":{"line":94,"column":5}},"94":{"start":{"line":95,"column":0},"end":{"line":95,"column":1}}},"s":{"0":1,"1":1,"2":1,"3":1,"4":2,"5":2,"6":2,"7":2,"8":2,"9":2,"10":2,"11":2,"12":2,"13":2,"14":2,"15":2,"16":2,"17":2,"18":0,"19":0,"20":0,"21":0,"22":0,"23":0,"24":0,"25":0,"26":0,"27":0,"28":0,"29":0,"30":0,"31":0,"32":0,"33":0,"34":0,"35":0,"36":0,"37":0,"38":0,"39":0,"40":0,"41":0,"42":0,"43":0,"44":0,"45":2,"46":2,"47":0,"48":0,"49":0,"50":0,"51":0,"52":0,"53":0,"54":0,"55":0,"56":0,"57":0,"58":0,"59":0,"60":0,"61":0,"62":0,"63":0,"64":0,"65":0,"66":0,"67":0,"68":0,"69":0,"70":0,"71":0,"72":0,"73":0,"74":0,"75":0,"76":0,"77":0,"78":0,"79":0,"80":0,"81":0,"82":0,"83":0,"84":0,"85":0,"86":0,"87":0,"88":0,"89":0,"90":0,"91":0,"92":0,"93":0,"94":2},"branchMap":{"0":{"type":"branch","line":4,"loc":{"start":{"line":4,"column":35},"end":{"line":95,"column":1}},"locations":[{"start":{"line":4,"column":35},"end":{"line":95,"column":1}}]},"1":{"type":"branch","line":7,"loc":{"start":{"line":7,"column":4},"end":{"line":16,"column":5}},"locations":[{"start":{"line":7,"column":4},"end":{"line":16,"column":5}}]}},"b":{"0":[2],"1":[2]},"fnMap":{"0":{"name":"<instance_members_initializer>","decl":{"start":{"line":4,"column":35},"end":{"line":95,"column":1}},"loc":{"start":{"line":4,"column":35},"end":{"line":95,"column":1}},"line":4},"1":{"name":"GmailApiMailRepository","decl":{"start":{"line":7,"column":4},"end":{"line":16,"column":5}},"loc":{"start":{"line":7,"column":4},"end":{"line":16,"column":5}},"line":7},"2":{"name":"getMasterLayout","decl":{"start":{"line":18,"column":12},"end":{"line":45,"column":5}},"loc":{"start":{"line":18,"column":12},"end":{"line":45,"column":5}},"line":18},"3":{"name":"send","decl":{"start":{"line":47,"column":4},"end":{"line":94,"column":5}},"loc":{"start":{"line":47,"column":4},"end":{"line":94,"column":5}},"line":47}},"f":{"0":2,"1":2,"2":0,"3":0}}
,"/Users/benatiribarren/Desktop/TFG/health-insight-api/src/messaging/infrastructure/images/HtmlImageGenerator.ts": {"path":"/Users/benatiribarren/Desktop/TFG/health-insight-api/src/messaging/infrastructure/images/HtmlImageGenerator.ts","all":false,"statementMap":{"0":{"start":{"line":1,"column":0},"end":{"line":1,"column":49}},"1":{"start":{"line":2,"column":0},"end":{"line":2,"column":20}},"2":{"start":{"line":3,"column":0},"end":{"line":3,"column":0}},"3":{"start":{"line":4,"column":0},"end":{"line":4,"column":33}},"4":{"start":{"line":5,"column":0},"end":{"line":5,"column":64}},"5":{"start":{"line":6,"column":0},"end":{"line":6,"column":83}},"6":{"start":{"line":7,"column":0},"end":{"line":7,"column":73}},"7":{"start":{"line":8,"column":0},"end":{"line":8,"column":75}},"8":{"start":{"line":9,"column":0},"end":{"line":9,"column":59}},"9":{"start":{"line":10,"column":0},"end":{"line":10,"column":0}},"10":{"start":{"line":11,"column":0},"end":{"line":11,"column":47}},"11":{"start":{"line":12,"column":0},"end":{"line":12,"column":89}},"12":{"start":{"line":13,"column":0},"end":{"line":13,"column":64}},"13":{"start":{"line":14,"column":0},"end":{"line":14,"column":61}},"14":{"start":{"line":15,"column":0},"end":{"line":15,"column":0}},"15":{"start":{"line":16,"column":0},"end":{"line":16,"column":59}},"16":{"start":{"line":17,"column":0},"end":{"line":17,"column":99}},"17":{"start":{"line":18,"column":0},"end":{"line":18,"column":24}},"18":{"start":{"line":19,"column":0},"end":{"line":19,"column":24}},"19":{"start":{"line":20,"column":0},"end":{"line":20,"column":0}},"20":{"start":{"line":21,"column":0},"end":{"line":21,"column":38}},"21":{"start":{"line":22,"column":0},"end":{"line":22,"column":30}},"22":{"start":{"line":23,"column":0},"end":{"line":23,"column":28}},"23":{"start":{"line":24,"column":0},"end":{"line":24,"column":31}},"24":{"start":{"line":25,"column":0},"end":{"line":25,"column":23}},"25":{"start":{"line":26,"column":0},"end":{"line":26,"column":35}},"26":{"start":{"line":27,"column":0},"end":{"line":27,"column":47}},"27":{"start":{"line":28,"column":0},"end":{"line":28,"column":46}},"28":{"start":{"line":29,"column":0},"end":{"line":29,"column":35}},"29":{"start":{"line":30,"column":0},"end":{"line":30,"column":17}},"30":{"start":{"line":31,"column":0},"end":{"line":31,"column":14}},"31":{"start":{"line":32,"column":0},"end":{"line":32,"column":19}},"32":{"start":{"line":33,"column":0},"end":{"line":33,"column":12}},"33":{"start":{"line":34,"column":0},"end":{"line":34,"column":14}},"34":{"start":{"line":35,"column":0},"end":{"line":35,"column":17}},"35":{"start":{"line":36,"column":0},"end":{"line":36,"column":167}},"36":{"start":{"line":37,"column":0},"end":{"line":37,"column":67}},"37":{"start":{"line":38,"column":0},"end":{"line":38,"column":26}},"38":{"start":{"line":39,"column":0},"end":{"line":39,"column":62}},"39":{"start":{"line":40,"column":0},"end":{"line":40,"column":155}},"40":{"start":{"line":41,"column":0},"end":{"line":41,"column":100}},"41":{"start":{"line":42,"column":0},"end":{"line":42,"column":13}},"42":{"start":{"line":43,"column":0},"end":{"line":43,"column":159}},"43":{"start":{"line":44,"column":0},"end":{"line":44,"column":88}},"44":{"start":{"line":45,"column":0},"end":{"line":45,"column":86}},"45":{"start":{"line":46,"column":0},"end":{"line":46,"column":18}},"46":{"start":{"line":47,"column":0},"end":{"line":47,"column":15}},"47":{"start":{"line":48,"column":0},"end":{"line":48,"column":14}},"48":{"start":{"line":49,"column":0},"end":{"line":49,"column":39}},"49":{"start":{"line":50,"column":0},"end":{"line":50,"column":125}},"50":{"start":{"line":51,"column":0},"end":{"line":51,"column":60}},"51":{"start":{"line":52,"column":0},"end":{"line":52,"column":16}},"52":{"start":{"line":53,"column":0},"end":{"line":53,"column":15}},"53":{"start":{"line":54,"column":0},"end":{"line":54,"column":14}},"54":{"start":{"line":55,"column":0},"end":{"line":55,"column":21}},"55":{"start":{"line":56,"column":0},"end":{"line":56,"column":5}},"56":{"start":{"line":57,"column":0},"end":{"line":57,"column":1}}},"s":{"0":1,"1":1,"2":1,"3":1,"4":1,"5":0,"6":0,"7":0,"8":0,"9":0,"10":0,"11":0,"12":0,"13":0,"14":0,"15":0,"16":0,"17":0,"18":0,"19":0,"20":0,"21":0,"22":0,"23":0,"24":0,"25":0,"26":0,"27":0,"28":0,"29":0,"30":0,"31":0,"32":0,"33":0,"34":0,"35":0,"36":0,"37":0,"38":0,"39":0,"40":0,"41":0,"42":0,"43":0,"44":0,"45":0,"46":0,"47":0,"48":0,"49":0,"50":0,"51":0,"52":0,"53":0,"54":0,"55":0,"56":1},"branchMap":{},"b":{},"fnMap":{"0":{"name":"generateWeeklyDashboard","decl":{"start":{"line":5,"column":4},"end":{"line":56,"column":5}},"loc":{"start":{"line":5,"column":4},"end":{"line":56,"column":5}},"line":5}},"f":{"0":0}}
,"/Users/benatiribarren/Desktop/TFG/health-insight-api/src/messaging/infrastructure/templates/HtmlMailTemplateProvider.ts": {"path":"/Users/benatiribarren/Desktop/TFG/health-insight-api/src/messaging/infrastructure/templates/HtmlMailTemplateProvider.ts","all":false,"statementMap":{"0":{"start":{"line":1,"column":0},"end":{"line":1,"column":84}},"1":{"start":{"line":2,"column":0},"end":{"line":2,"column":0}},"2":{"start":{"line":3,"column":0},"end":{"line":3,"column":71}},"3":{"start":{"line":4,"column":0},"end":{"line":4,"column":30}},"4":{"start":{"line":5,"column":0},"end":{"line":5,"column":26}},"5":{"start":{"line":6,"column":0},"end":{"line":6,"column":27}},"6":{"start":{"line":7,"column":0},"end":{"line":7,"column":24}},"7":{"start":{"line":8,"column":0},"end":{"line":8,"column":33}},"8":{"start":{"line":9,"column":0},"end":{"line":9,"column":20}},"9":{"start":{"line":10,"column":0},"end":{"line":10,"column":16}},"10":{"start":{"line":11,"column":0},"end":{"line":11,"column":57}},"11":{"start":{"line":12,"column":0},"end":{"line":12,"column":35}},"12":{"start":{"line":13,"column":0},"end":{"line":13,"column":63}},"13":{"start":{"line":14,"column":0},"end":{"line":14,"column":0}},"14":{"start":{"line":15,"column":0},"end":{"line":15,"column":16}},"15":{"start":{"line":16,"column":0},"end":{"line":16,"column":62}},"16":{"start":{"line":17,"column":0},"end":{"line":17,"column":48}},"17":{"start":{"line":18,"column":0},"end":{"line":18,"column":123}},"18":{"start":{"line":19,"column":0},"end":{"line":19,"column":22}},"19":{"start":{"line":20,"column":0},"end":{"line":20,"column":115}},"20":{"start":{"line":21,"column":0},"end":{"line":21,"column":153}},"21":{"start":{"line":22,"column":0},"end":{"line":22,"column":18}},"22":{"start":{"line":23,"column":0},"end":{"line":23,"column":12}},"23":{"start":{"line":24,"column":0},"end":{"line":24,"column":166}},"24":{"start":{"line":25,"column":0},"end":{"line":25,"column":23}},"25":{"start":{"line":26,"column":0},"end":{"line":26,"column":24}},"26":{"start":{"line":27,"column":0},"end":{"line":27,"column":100}},"27":{"start":{"line":28,"column":0},"end":{"line":28,"column":127}},"28":{"start":{"line":29,"column":0},"end":{"line":29,"column":125}},"29":{"start":{"line":30,"column":0},"end":{"line":30,"column":29}},"30":{"start":{"line":31,"column":0},"end":{"line":31,"column":100}},"31":{"start":{"line":32,"column":0},"end":{"line":32,"column":128}},"32":{"start":{"line":33,"column":0},"end":{"line":33,"column":127}},"33":{"start":{"line":34,"column":0},"end":{"line":34,"column":29}},"34":{"start":{"line":35,"column":0},"end":{"line":35,"column":69}},"35":{"start":{"line":36,"column":0},"end":{"line":36,"column":125}},"36":{"start":{"line":37,"column":0},"end":{"line":37,"column":129}},"37":{"start":{"line":38,"column":0},"end":{"line":38,"column":29}},"38":{"start":{"line":39,"column":0},"end":{"line":39,"column":25}},"39":{"start":{"line":40,"column":0},"end":{"line":40,"column":24}},"40":{"start":{"line":41,"column":0},"end":{"line":41,"column":20}},"41":{"start":{"line":42,"column":0},"end":{"line":42,"column":0}},"42":{"start":{"line":43,"column":0},"end":{"line":43,"column":120}},"43":{"start":{"line":44,"column":0},"end":{"line":44,"column":114}},"44":{"start":{"line":45,"column":0},"end":{"line":45,"column":100}},"45":{"start":{"line":46,"column":0},"end":{"line":46,"column":18}},"46":{"start":{"line":47,"column":0},"end":{"line":47,"column":0}},"47":{"start":{"line":48,"column":0},"end":{"line":48,"column":43}},"48":{"start":{"line":49,"column":0},"end":{"line":49,"column":249}},"49":{"start":{"line":50,"column":0},"end":{"line":50,"column":39}},"50":{"start":{"line":51,"column":0},"end":{"line":51,"column":20}},"51":{"start":{"line":52,"column":0},"end":{"line":52,"column":20}},"52":{"start":{"line":53,"column":0},"end":{"line":53,"column":5}},"53":{"start":{"line":54,"column":0},"end":{"line":54,"column":0}},"54":{"start":{"line":55,"column":0},"end":{"line":55,"column":54}},"55":{"start":{"line":56,"column":0},"end":{"line":56,"column":114}},"56":{"start":{"line":57,"column":0},"end":{"line":57,"column":16}},"57":{"start":{"line":58,"column":0},"end":{"line":58,"column":43}},"58":{"start":{"line":59,"column":0},"end":{"line":59,"column":121}},"59":{"start":{"line":60,"column":0},"end":{"line":60,"column":129}},"60":{"start":{"line":61,"column":0},"end":{"line":61,"column":93}},"61":{"start":{"line":62,"column":0},"end":{"line":62,"column":31}},"62":{"start":{"line":63,"column":0},"end":{"line":63,"column":27}},"63":{"start":{"line":64,"column":0},"end":{"line":64,"column":22}},"64":{"start":{"line":65,"column":0},"end":{"line":65,"column":91}},"65":{"start":{"line":66,"column":0},"end":{"line":66,"column":123}},"66":{"start":{"line":67,"column":0},"end":{"line":67,"column":20}},"67":{"start":{"line":68,"column":0},"end":{"line":68,"column":328}},"68":{"start":{"line":69,"column":0},"end":{"line":69,"column":41}},"69":{"start":{"line":70,"column":0},"end":{"line":70,"column":20}},"70":{"start":{"line":71,"column":0},"end":{"line":71,"column":20}},"71":{"start":{"line":72,"column":0},"end":{"line":72,"column":5}},"72":{"start":{"line":73,"column":0},"end":{"line":73,"column":1}}},"s":{"0":1,"1":1,"2":1,"3":1,"4":4,"5":4,"6":4,"7":4,"8":4,"9":4,"10":4,"11":4,"12":4,"13":4,"14":4,"15":4,"16":4,"17":4,"18":4,"19":4,"20":4,"21":4,"22":4,"23":4,"24":4,"25":4,"26":4,"27":4,"28":4,"29":4,"30":4,"31":4,"32":4,"33":4,"34":4,"35":4,"36":4,"37":4,"38":4,"39":4,"40":4,"41":4,"42":4,"43":4,"44":4,"45":4,"46":4,"47":4,"48":4,"49":4,"50":4,"51":4,"52":4,"53":1,"54":1,"55":3,"56":3,"57":3,"58":3,"59":3,"60":3,"61":3,"62":3,"63":3,"64":3,"65":3,"66":3,"67":3,"68":3,"69":3,"70":3,"71":3,"72":1},"branchMap":{"0":{"type":"branch","line":4,"loc":{"start":{"line":4,"column":4},"end":{"line":53,"column":5}},"locations":[{"start":{"line":4,"column":4},"end":{"line":53,"column":5}}]},"1":{"type":"branch","line":12,"loc":{"start":{"line":12,"column":12},"end":{"line":12,"column":35}},"locations":[{"start":{"line":12,"column":12},"end":{"line":12,"column":35}}]},"2":{"type":"branch","line":13,"loc":{"start":{"line":13,"column":12},"end":{"line":13,"column":62}},"locations":[{"start":{"line":13,"column":12},"end":{"line":13,"column":62}}]},"3":{"type":"branch","line":55,"loc":{"start":{"line":55,"column":4},"end":{"line":72,"column":5}},"locations":[{"start":{"line":55,"column":4},"end":{"line":72,"column":5}}]},"4":{"type":"branch","line":56,"loc":{"start":{"line":56,"column":33},"end":{"line":56,"column":68}},"locations":[{"start":{"line":56,"column":33},"end":{"line":56,"column":68}}]}},"b":{"0":[4],"1":[2],"2":[2],"3":[3],"4":[0]},"fnMap":{"0":{"name":"renderWeeklyStats","decl":{"start":{"line":4,"column":4},"end":{"line":53,"column":5}},"loc":{"start":{"line":4,"column":4},"end":{"line":53,"column":5}},"line":4},"1":{"name":"renderMessageNotification","decl":{"start":{"line":55,"column":4},"end":{"line":72,"column":5}},"loc":{"start":{"line":55,"column":4},"end":{"line":72,"column":5}},"line":55}},"f":{"0":4,"1":3}}
,"/Users/benatiribarren/Desktop/TFG/health-insight-api/src/messaging/infrastructure/worker/MessagingWorker.ts": {"path":"/Users/benatiribarren/Desktop/TFG/health-insight-api/src/messaging/infrastructure/worker/MessagingWorker.ts","all":true,"statementMap":{"0":{"start":{"line":1,"column":0},"end":{"line":1,"column":53}},"1":{"start":{"line":2,"column":0},"end":{"line":2,"column":36}},"2":{"start":{"line":3,"column":0},"end":{"line":3,"column":49}},"3":{"start":{"line":4,"column":0},"end":{"line":4,"column":28}},"4":{"start":{"line":5,"column":0},"end":{"line":5,"column":0}},"5":{"start":{"line":6,"column":0},"end":{"line":6,"column":16}},"6":{"start":{"line":7,"column":0},"end":{"line":7,"column":0}},"7":{"start":{"line":8,"column":0},"end":{"line":8,"column":89}},"8":{"start":{"line":9,"column":0},"end":{"line":9,"column":0}},"9":{"start":{"line":10,"column":0},"end":{"line":10,"column":48}},"10":{"start":{"line":11,"column":0},"end":{"line":11,"column":32}},"11":{"start":{"line":12,"column":0},"end":{"line":12,"column":15}},"12":{"start":{"line":13,"column":0},"end":{"line":13,"column":18}},"13":{"start":{"line":14,"column":0},"end":{"line":14,"column":11}},"14":{"start":{"line":15,"column":0},"end":{"line":15,"column":36}},"15":{"start":{"line":16,"column":0},"end":{"line":16,"column":35}},"16":{"start":{"line":17,"column":0},"end":{"line":17,"column":6}},"17":{"start":{"line":18,"column":0},"end":{"line":18,"column":10}},"18":{"start":{"line":19,"column":0},"end":{"line":19,"column":32}},"19":{"start":{"line":20,"column":0},"end":{"line":20,"column":5}},"20":{"start":{"line":21,"column":0},"end":{"line":21,"column":3}},"21":{"start":{"line":22,"column":0},"end":{"line":22,"column":0}},"22":{"start":{"line":23,"column":0},"end":{"line":23,"column":28}},"23":{"start":{"line":24,"column":0},"end":{"line":24,"column":18}},"24":{"start":{"line":25,"column":0},"end":{"line":25,"column":49}},"25":{"start":{"line":26,"column":0},"end":{"line":26,"column":36}},"26":{"start":{"line":27,"column":0},"end":{"line":27,"column":24}},"27":{"start":{"line":28,"column":0},"end":{"line":28,"column":36}},"28":{"start":{"line":29,"column":0},"end":{"line":29,"column":22}},"29":{"start":{"line":30,"column":0},"end":{"line":30,"column":0}},"30":{"start":{"line":31,"column":0},"end":{"line":31,"column":46}},"31":{"start":{"line":32,"column":0},"end":{"line":32,"column":36}},"32":{"start":{"line":33,"column":0},"end":{"line":33,"column":17}},"33":{"start":{"line":34,"column":0},"end":{"line":34,"column":105}},"34":{"start":{"line":35,"column":0},"end":{"line":35,"column":0}},"35":{"start":{"line":36,"column":0},"end":{"line":36,"column":50}},"36":{"start":{"line":37,"column":0},"end":{"line":37,"column":52}},"37":{"start":{"line":38,"column":0},"end":{"line":38,"column":109}},"38":{"start":{"line":39,"column":0},"end":{"line":39,"column":87}},"39":{"start":{"line":40,"column":0},"end":{"line":40,"column":0}},"40":{"start":{"line":41,"column":0},"end":{"line":41,"column":57}},"41":{"start":{"line":42,"column":0},"end":{"line":42,"column":176}},"42":{"start":{"line":43,"column":0},"end":{"line":43,"column":50}},"43":{"start":{"line":44,"column":0},"end":{"line":44,"column":33}},"44":{"start":{"line":45,"column":0},"end":{"line":45,"column":0}},"45":{"start":{"line":46,"column":0},"end":{"line":46,"column":48}},"46":{"start":{"line":47,"column":0},"end":{"line":47,"column":52}},"47":{"start":{"line":48,"column":0},"end":{"line":48,"column":46}},"48":{"start":{"line":49,"column":0},"end":{"line":49,"column":53}},"49":{"start":{"line":50,"column":0},"end":{"line":50,"column":59}},"50":{"start":{"line":51,"column":0},"end":{"line":51,"column":80}},"51":{"start":{"line":52,"column":0},"end":{"line":52,"column":23}},"52":{"start":{"line":53,"column":0},"end":{"line":53,"column":24}},"53":{"start":{"line":54,"column":0},"end":{"line":54,"column":48}},"54":{"start":{"line":55,"column":0},"end":{"line":55,"column":52}},"55":{"start":{"line":56,"column":0},"end":{"line":56,"column":46}},"56":{"start":{"line":57,"column":0},"end":{"line":57,"column":53}},"57":{"start":{"line":58,"column":0},"end":{"line":58,"column":46}},"58":{"start":{"line":59,"column":0},"end":{"line":59,"column":23}},"59":{"start":{"line":60,"column":0},"end":{"line":60,"column":17}},"60":{"start":{"line":61,"column":0},"end":{"line":61,"column":0}},"61":{"start":{"line":62,"column":0},"end":{"line":62,"column":81}},"62":{"start":{"line":63,"column":0},"end":{"line":63,"column":32}},"63":{"start":{"line":64,"column":0},"end":{"line":64,"column":126}},"64":{"start":{"line":65,"column":0},"end":{"line":65,"column":13}},"65":{"start":{"line":66,"column":0},"end":{"line":66,"column":9}},"66":{"start":{"line":67,"column":0},"end":{"line":67,"column":53}},"67":{"start":{"line":68,"column":0},"end":{"line":68,"column":5}},"68":{"start":{"line":69,"column":0},"end":{"line":69,"column":1}},"69":{"start":{"line":70,"column":0},"end":{"line":70,"column":0}},"70":{"start":{"line":71,"column":0},"end":{"line":71,"column":12}}},"s":{"0":0,"1":0,"2":0,"3":0,"4":0,"5":0,"6":0,"7":0,"8":0,"9":0,"10":0,"11":0,"12":0,"13":0,"14":0,"15":0,"16":0,"17":0,"18":0,"19":0,"20":0,"21":0,"22":0,"23":0,"24":0,"25":0,"26":0,"27":0,"28":0,"29":0,"30":0,"31":0,"32":0,"33":0,"34":0,"35":0,"36":0,"37":0,"38":0,"39":0,"40":0,"41":0,"42":0,"43":0,"44":0,"45":0,"46":0,"47":0,"48":0,"49":0,"50":0,"51":0,"52":0,"53":0,"54":0,"55":0,"56":0,"57":0,"58":0,"59":0,"60":0,"61":0,"62":0,"63":0,"64":0,"65":0,"66":0,"67":0,"68":0,"69":0,"70":0},"branchMap":{"0":{"type":"branch","line":1,"loc":{"start":{"line":1,"column":0},"end":{"line":71,"column":12}},"locations":[{"start":{"line":1,"column":0},"end":{"line":71,"column":12}}]}},"b":{"0":[0]},"fnMap":{"0":{"name":"(empty-report)","decl":{"start":{"line":1,"column":0},"end":{"line":71,"column":12}},"loc":{"start":{"line":1,"column":0},"end":{"line":71,"column":12}},"line":1}},"f":{"0":0}}
}
