TN:
SF:src/biometrics/application/services/GetUnifiedSessionReportService.ts
FN:22,(anonymous_0)
FN:24,(anonymous_1)
FN:32,(anonymous_2)
FN:40,(anonymous_3)
FN:41,(anonymous_4)
FN:50,(anonymous_5)
FN:52,(anonymous_6)
FN:60,(anonymous_7)
FN:63,(anonymous_8)
FN:68,(anonymous_9)
FN:98,(anonymous_10)
FN:99,(anonymous_11)
FN:106,(anonymous_12)
FN:134,(anonymous_13)
FN:146,(anonymous_14)
FN:150,(anonymous_15)
FN:151,(anonymous_16)
FN:155,(anonymous_17)
FN:163,(anonymous_18)
FN:169,(anonymous_19)
FN:183,(anonymous_20)
FNF:21
FNH:19
FNDA:11,(anonymous_0)
FNDA:4,(anonymous_1)
FNDA:0,(anonymous_2)
FNDA:3,(anonymous_3)
FNDA:0,(anonymous_4)
FNDA:3,(anonymous_5)
FNDA:3,(anonymous_6)
FNDA:3,(anonymous_7)
FNDA:3,(anonymous_8)
FNDA:1,(anonymous_9)
FNDA:3,(anonymous_10)
FNDA:3,(anonymous_11)
FNDA:1,(anonymous_12)
FNDA:9,(anonymous_13)
FNDA:3,(anonymous_14)
FNDA:3,(anonymous_15)
FNDA:3,(anonymous_16)
FNDA:3,(anonymous_17)
FNDA:1,(anonymous_18)
FNDA:3,(anonymous_19)
FNDA:2,(anonymous_20)
DA:2,11
DA:21,11
DA:22,11
DA:25,4
DA:26,4
DA:27,4
DA:29,4
DA:31,3
DA:32,0
DA:33,0
DA:36,3
DA:37,3
DA:39,3
DA:40,3
DA:41,0
DA:43,3
DA:44,2
DA:46,0
DA:51,3
DA:52,3
DA:54,3
DA:56,3
DA:57,3
DA:59,3
DA:60,3
DA:63,3
DA:65,3
DA:66,3
DA:68,3
DA:69,1
DA:70,1
DA:73,3
DA:75,1
DA:85,1
DA:99,3
DA:100,3
DA:115,1
DA:140,9
DA:142,3
DA:143,3
DA:145,3
DA:147,3
DA:148,3
DA:150,3
DA:151,3
DA:153,3
DA:155,3
DA:156,3
DA:164,1
DA:165,1
DA:167,1
DA:169,1
DA:170,3
DA:171,0
DA:172,0
DA:176,1
DA:180,1
DA:184,2
LF:58
LH:52
BRDA:26,0,0,1
BRDA:26,0,1,3
BRDA:29,1,0,1
BRDA:31,2,0,0
BRDA:33,3,0,0
BRDA:33,3,1,0
BRDA:33,4,0,0
BRDA:33,4,1,0
BRDA:43,5,0,1
BRDA:43,6,0,1
BRDA:43,6,1,0
BRDA:52,7,0,3
BRDA:52,7,1,0
BRDA:54,8,0,0
BRDA:60,9,0,3
BRDA:60,9,1,0
BRDA:63,10,0,3
BRDA:63,10,1,0
BRDA:65,11,0,0
BRDA:65,11,1,3
BRDA:66,12,0,0
BRDA:66,12,1,3
BRDA:70,13,0,1
BRDA:70,13,1,1
BRDA:73,14,0,2
BRDA:90,15,0,1
BRDA:90,15,1,0
BRDA:91,16,0,1
BRDA:91,16,1,0
BRDA:92,17,0,1
BRDA:92,17,1,0
BRDA:140,18,0,6
BRDA:140,19,0,9
BRDA:140,19,1,3
BRDA:148,20,0,3
BRDA:148,20,1,3
BRDA:151,21,0,3
BRDA:151,21,1,3
BRDA:153,22,0,0
BRDA:164,23,0,1
BRDA:164,23,1,0
BRDA:165,24,0,1
BRDA:165,24,1,0
BRDA:169,25,0,2
BRDA:170,26,0,3
BRDA:170,27,0,3
BRDA:170,27,1,0
BRDA:171,28,0,0
BRDA:171,28,1,0
BRDA:190,29,0,2
BRDA:190,29,1,0
BRDA:191,30,0,2
BRDA:191,30,1,0
BRF:53
BRH:30
end_of_record
TN:
SF:src/biometrics/application/services/RegisterPresenceMinuteService.ts
FN:12,(anonymous_0)
FN:14,(anonymous_1)
FNF:2
FNH:2
FNDA:12,(anonymous_0)
FNDA:6,(anonymous_1)
DA:2,11
DA:11,11
DA:12,12
DA:15,6
DA:17,6
DA:18,2
DA:21,4
DA:23,4
DA:24,4
DA:25,4
DA:27,4
DA:28,1
DA:29,1
DA:30,1
DA:32,0
DA:35,3
DA:44,3
DA:46,0
LF:18
LH:16
BRDA:15,0,0,6
BRDA:15,0,1,0
BRDA:17,1,0,2
BRDA:17,2,0,6
BRDA:17,2,1,5
BRDA:17,2,2,4
BRDA:21,3,0,0
BRDA:27,4,0,1
BRDA:27,5,0,4
BRDA:27,5,1,2
BRDA:27,5,2,1
BRDA:28,6,0,1
BRDA:41,7,0,0
BRDA:41,7,1,3
BRF:14
BRH:11
end_of_record
TN:
SF:src/biometrics/application/services/SyncDailyBiometricsService.ts
FN:36,toNumberOrNull
FN:43,(anonymous_1)
FN:48,(anonymous_2)
FN:53,(anonymous_3)
FNF:4
FNH:4
FNDA:2,toNumberOrNull
FNDA:12,(anonymous_1)
FNDA:3,(anonymous_2)
FNDA:2,(anonymous_3)
DA:1,11
DA:4,11
DA:37,2
DA:38,2
DA:39,2
DA:42,11
DA:44,12
DA:45,12
DA:49,3
DA:50,3
DA:52,2
DA:53,2
DA:55,1
DA:57,1
DA:58,2
DA:59,2
DA:61,2
DA:63,2
DA:65,2
DA:66,2
DA:68,2
DA:69,2
DA:71,2
DA:72,2
DA:74,2
DA:75,1
DA:87,2
DA:88,1
DA:91,2
DA:92,1
DA:95,2
DA:96,0
DA:99,2
DA:100,0
DA:103,2
DA:104,0
DA:107,2
DA:108,0
DA:113,1
DA:115,1
DA:116,1
DA:119,1
DA:125,0
LF:43
LH:38
BRDA:37,0,0,0
BRDA:37,1,0,2
BRDA:37,1,1,0
BRDA:38,2,0,0
BRDA:38,2,1,2
BRDA:39,3,0,2
BRDA:39,3,1,0
BRDA:50,4,0,1
BRDA:50,5,0,3
BRDA:50,5,1,3
BRDA:59,6,0,0
BRDA:61,7,0,2
BRDA:61,7,1,0
BRDA:66,8,0,0
BRDA:68,9,0,2
BRDA:68,9,1,0
BRDA:69,10,0,0
BRDA:72,11,0,0
BRDA:74,12,0,1
BRDA:87,13,0,1
BRDA:91,14,0,1
BRDA:95,15,0,0
BRDA:99,16,0,0
BRDA:103,17,0,0
BRDA:107,18,0,0
BRDA:108,19,0,0
BRDA:108,19,1,0
BRDA:108,19,2,0
BRDA:115,20,0,1
BRF:29
BRH:12
end_of_record
TN:
SF:src/biometrics/application/types/BiometricsError.ts
FNF:0
FNH:0
DA:1,13
DA:2,13
DA:3,13
DA:4,13
DA:5,13
LF:5
LH:5
BRF:0
BRH:0
end_of_record
TN:
SF:src/biometrics/domain/responses/BiometricsResponses.ts
FNF:0
FNH:0
DA:1,0
LF:1
LH:0
BRF:0
BRH:0
end_of_record
TN:
SF:src/biometrics/infrastructure/aws/EmpaticaS3FileSource.ts
FN:19,isReadableStream
FN:27,(anonymous_1)
FN:38,(anonymous_2)
FN:54,(anonymous_3)
FN:55,(anonymous_4)
FN:64,(anonymous_5)
FNF:6
FNH:2
FNDA:0,isReadableStream
FNDA:10,(anonymous_1)
FNDA:1,(anonymous_2)
FNDA:0,(anonymous_3)
FNDA:0,(anonymous_4)
FNDA:0,(anonymous_5)
DA:1,10
DA:8,10
DA:20,0
DA:23,10
DA:28,10
DA:29,10
DA:39,1
DA:42,1
DA:43,1
DA:51,0
DA:53,0
DA:54,0
DA:55,0
DA:57,0
DA:58,0
DA:61,0
DA:65,0
DA:69,0
DA:70,0
DA:72,0
DA:73,0
DA:74,0
DA:77,0
LF:23
LH:8
BRDA:51,0,0,0
BRDA:51,0,1,0
BRDA:54,1,0,0
BRDA:54,1,1,0
BRDA:70,2,0,0
BRDA:74,3,0,0
BRDA:74,3,1,0
BRF:7
BRH:0
end_of_record
TN:
SF:src/biometrics/infrastructure/database/SupabaseBiometricsRepository.ts
FN:4,(anonymous_0)
FN:6,(anonymous_1)
FN:7,(anonymous_2)
FNF:3
FNH:3
FNDA:11,(anonymous_0)
FNDA:1,(anonymous_1)
FNDA:1,(anonymous_2)
DA:3,11
DA:4,11
DA:7,1
DA:18,1
DA:22,1
LF:5
LH:5
BRDA:22,0,0,0
BRF:1
BRH:0
end_of_record
TN:
SF:src/biometrics/infrastructure/database/SupabasePresenceIntervalRepository.ts
FN:8,(anonymous_0)
FN:10,(anonymous_1)
FN:22,(anonymous_2)
FN:34,(anonymous_3)
FN:52,(anonymous_4)
FNF:5
FNH:5
FNDA:11,(anonymous_0)
FNDA:5,(anonymous_1)
FNDA:1,(anonymous_2)
FNDA:2,(anonymous_3)
FNDA:7,(anonymous_4)
DA:5,11
DA:6,11
DA:8,11
DA:11,5
DA:18,5
DA:19,4
DA:23,1
DA:30,1
DA:31,1
DA:35,2
DA:48,2
DA:49,2
DA:53,7
LF:13
LH:13
BRDA:18,0,0,1
BRDA:18,1,0,5
BRDA:18,1,1,5
BRDA:30,2,0,0
BRDA:48,3,0,0
BRF:5
BRH:3
end_of_record
TN:
SF:src/biometrics/infrastructure/database/SupabaseSessionMetricsRepository.ts
FN:5,(anonymous_0)
FN:7,(anonymous_1)
FN:30,(anonymous_2)
FNF:3
FNH:3
FNDA:11,(anonymous_0)
FNDA:3,(anonymous_1)
FNDA:2,(anonymous_2)
DA:4,11
DA:5,11
DA:8,3
DA:13,3
DA:15,3
DA:20,3
DA:22,3
DA:24,3
DA:31,2
DA:38,2
LF:10
LH:10
BRDA:13,0,0,1
BRDA:20,1,0,1
BRDA:25,2,0,3
BRDA:25,2,1,0
BRDA:26,3,0,3
BRDA:26,3,1,0
BRDA:38,4,0,2
BRDA:38,4,1,0
BRF:8
BRH:5
end_of_record
TN:
SF:src/biometrics/infrastructure/endpoints/getSessionReport/getSessionReport.ts
FN:29,getSessionReport
FN:30,(anonymous_1)
FN:33,(anonymous_2)
FNF:3
FNH:3
FNDA:10,getSessionReport
FNDA:10,(anonymous_1)
FNDA:2,(anonymous_2)
DA:2,10
DA:8,10
DA:17,10
DA:29,10
DA:30,10
DA:31,10
DA:33,10
DA:34,2
DA:35,2
DA:40,2
DA:41,2
DA:42,0
DA:47,2
DA:49,2
DA:50,0
DA:55,2
DA:57,0
LF:17
LH:14
BRDA:41,0,0,0
BRDA:41,1,0,2
BRDA:41,1,1,2
BRDA:49,2,0,0
BRDA:49,3,0,2
BRDA:49,3,1,2
BRDA:49,3,2,1
BRF:7
BRH:5
end_of_record
TN:
SF:src/biometrics/infrastructure/endpoints/getSessionReport/schema.ts
FNF:0
FNH:0
DA:1,0
DA:3,0
DA:14,0
DA:40,0
DA:87,0
LF:5
LH:0
BRF:0
BRH:0
end_of_record
TN:
SF:src/biometrics/infrastructure/endpoints/presenceMinute/presenceMinute.ts
FN:33,presenceMinute
FN:34,(anonymous_1)
FN:41,(anonymous_2)
FNF:3
FNH:3
FNDA:10,presenceMinute
FNDA:10,(anonymous_1)
FNDA:4,(anonymous_2)
DA:2,10
DA:3,10
DA:4,10
DA:6,10
DA:8,10
DA:16,10
DA:25,10
DA:33,10
DA:34,10
DA:35,10
DA:36,10
DA:38,10
DA:42,4
DA:44,4
DA:45,1
DA:48,3
DA:50,3
DA:57,3
DA:58,1
DA:61,2
LF:20
LH:20
BRDA:44,0,0,1
BRDA:54,1,0,3
BRDA:54,1,1,3
BRDA:57,2,0,1
BRF:4
BRH:4
end_of_record
TN:
SF:src/biometrics/infrastructure/endpoints/presenceMinute/schema.ts
FNF:0
FNH:0
DA:1,10
DA:3,10
LF:2
LH:2
BRF:0
BRH:0
end_of_record
TN:
SF:src/biometrics/infrastructure/endpoints/syncDailyBiometrics/schema.ts
FNF:0
FNH:0
DA:1,10
DA:3,10
LF:2
LH:2
BRF:0
BRH:0
end_of_record
TN:
SF:src/biometrics/infrastructure/endpoints/syncDailyBiometrics/syncDailyBiometrics.ts
FN:35,resolveTargetDate
FN:42,syncDailyBiometrics
FN:43,(anonymous_2)
FN:49,(anonymous_3)
FN:54,(anonymous_4)
FNF:5
FNH:4
FNDA:1,resolveTargetDate
FNDA:10,syncDailyBiometrics
FNDA:10,(anonymous_2)
FNDA:1,(anonymous_3)
FNDA:0,(anonymous_4)
DA:2,10
DA:6,10
DA:8,10
DA:12,10
DA:22,10
DA:36,1
DA:37,0
DA:38,0
DA:39,0
DA:42,10
DA:43,10
DA:44,10
DA:46,10
DA:50,1
DA:51,1
DA:53,1
DA:54,1
DA:55,1
DA:61,0
DA:63,0
DA:64,0
DA:67,0
LF:22
LH:15
BRDA:36,0,0,1
BRDA:53,1,0,1
BRDA:63,2,0,0
BRF:3
BRH:2
end_of_record
TN:
SF:src/clinical-intelligence/application/services/DropoutAnalysisService.ts
FN:8,ProcessDropoutAnalysisService
FN:22,(anonymous_1)
FN:28,groupSessionsByPatient
FN:46,calculateDropoutRisks
FN:49,(anonymous_4)
FN:51,(anonymous_5)
FN:54,(anonymous_6)
FN:55,(anonymous_7)
FN:92,clamp
FNF:9
FNH:9
FNDA:11,ProcessDropoutAnalysisService
FNDA:14,(anonymous_1)
FNDA:9,groupSessionsByPatient
FNDA:9,calculateDropoutRisks
FNDA:17,(anonymous_4)
FNDA:2,(anonymous_5)
FNDA:19,(anonymous_6)
FNDA:19,(anonymous_7)
FNDA:17,clamp
DA:4,11
DA:8,11
DA:12,11
DA:13,11
DA:15,10
DA:16,1
DA:19,9
DA:20,9
DA:22,14
DA:24,1
DA:29,9
DA:31,9
DA:32,19
DA:33,19
DA:35,19
DA:36,17
DA:37,17
DA:40,2
DA:43,9
DA:47,9
DA:49,9
DA:50,17
DA:51,2
DA:54,19
DA:55,19
DA:57,17
DA:58,17
DA:60,17
DA:62,17
DA:63,11
DA:64,11
DA:66,11
DA:67,6
DA:68,6
DA:69,5
DA:70,2
DA:74,17
DA:75,4
DA:76,4
DA:79,17
DA:81,17
DA:93,17
LF:42
LH:42
BRDA:15,0,0,1
BRDA:15,1,0,10
BRDA:15,1,1,10
BRDA:35,2,0,17
BRDA:62,3,0,11
BRDA:66,4,0,6
BRDA:66,4,1,5
BRDA:69,5,0,2
BRDA:74,6,0,4
BRDA:74,7,0,17
BRDA:74,7,1,8
BRDA:85,8,0,0
BRDA:85,8,1,17
BRDA:85,9,0,6
BRDA:85,9,1,11
BRF:15
BRH:14
end_of_record
TN:
SF:src/clinical-intelligence/application/types/PredictDropoutError.ts
FNF:0
FNH:0
DA:1,11
DA:2,11
LF:2
LH:2
BRF:0
BRH:0
end_of_record
TN:
SF:src/clinical-intelligence/domain/errors/ClinicalErrors.ts
FN:2,(anonymous_0)
FN:9,(anonymous_1)
FNF:2
FNH:0
FNDA:0,(anonymous_0)
FNDA:0,(anonymous_1)
DA:1,0
DA:3,0
DA:4,0
DA:8,0
DA:10,0
DA:11,0
LF:6
LH:0
BRF:0
BRH:0
end_of_record
TN:
SF:src/clinical-intelligence/infrastructure/database/SupabaseDropoutRepository.ts
FN:5,(anonymous_0)
FN:6,(anonymous_1)
FN:27,(anonymous_2)
FNF:3
FNH:3
FNDA:11,(anonymous_0)
FNDA:4,(anonymous_1)
FNDA:12,(anonymous_2)
DA:5,11
DA:7,4
DA:17,4
DA:18,1
DA:21,4
DA:23,4
DA:24,0
DA:27,12
LF:8
LH:7
BRDA:17,0,0,1
BRDA:23,1,0,0
BRDA:27,2,0,4
BRDA:27,2,1,0
BRF:4
BRH:2
end_of_record
TN:
SF:src/clinical-intelligence/infrastructure/endpoints/predictDropout/predictDropout.ts
FN:28,predictDropout
FN:29,(anonymous_1)
FN:30,(anonymous_2)
FN:54,isInvalidPatientId
FNF:4
FNH:4
FNDA:10,predictDropout
FNDA:10,(anonymous_1)
FNDA:2,(anonymous_2)
FNDA:2,isInvalidPatientId
DA:3,10
DA:5,10
DA:7,10
DA:11,10
DA:18,10
DA:29,10
DA:30,10
DA:31,2
DA:32,2
DA:33,2
DA:35,2
DA:36,0
DA:39,2
DA:41,2
DA:42,0
DA:45,2
DA:47,0
DA:48,0
DA:55,2
DA:58,10
LF:20
LH:16
BRDA:33,0,0,0
BRDA:33,0,1,2
BRDA:35,1,0,0
BRDA:41,2,0,0
BRDA:55,3,0,2
BRDA:55,3,1,0
BRDA:55,3,2,0
BRF:7
BRH:2
end_of_record
TN:
SF:src/clinical-intelligence/infrastructure/endpoints/predictDropout/schema.ts
FNF:0
FNH:0
DA:1,10
DA:3,10
DA:15,10
LF:3
LH:3
BRF:0
BRH:0
end_of_record
TN:
SF:src/common/domain/errors/CommonResponses.ts
FNF:0
FNH:0
DA:1,0
LF:1
LH:0
BRF:0
BRH:0
end_of_record
TN:
SF:src/common/infrastructure/database/supabaseClient.ts
FNF:0
FNH:0
DA:1,17
DA:2,17
DA:3,17
DA:6,17
DA:7,17
DA:9,17
DA:10,17
DA:16,17
LF:8
LH:8
BRDA:6,0,0,17
BRDA:6,0,1,0
BRDA:9,1,0,17
BRDA:9,1,1,0
BRDA:10,2,0,17
BRDA:10,2,1,0
BRDA:11,3,0,17
BRDA:11,3,1,0
BRF:8
BRH:4
end_of_record
TN:
SF:src/common/infrastructure/database/supabaseTypes.ts
FNF:0
FNH:0
DA:472,0
LF:1
LH:0
BRF:0
BRH:0
end_of_record
TN:
SF:src/common/infrastructure/database/test-seeds/biometrics.seed.ts
FN:4,initBiometricsTestDatabase
FNF:1
FNH:1
FNDA:9,initBiometricsTestDatabase
DA:1,6
DA:2,6
DA:4,6
DA:5,9
DA:6,9
DA:7,9
DA:8,9
DA:9,9
DA:11,9
DA:12,9
DA:23,9
DA:28,9
DA:29,9
DA:30,9
DA:31,9
DA:33,9
DA:42,9
DA:50,9
LF:18
LH:18
BRF:0
BRH:0
end_of_record
TN:
SF:src/common/infrastructure/database/test-seeds/clinicalIntelligence.seed.ts
FN:4,initClinicalIntelligenceTestDatabase
FNF:1
FNH:1
FNDA:4,initClinicalIntelligenceTestDatabase
DA:1,3
DA:2,3
DA:4,3
DA:5,4
DA:6,4
DA:7,4
DA:9,4
DA:17,4
DA:22,4
DA:24,4
DA:25,4
DA:27,4
DA:46,4
LF:13
LH:13
BRDA:22,0,0,0
BRDA:22,1,0,4
BRDA:22,1,1,4
BRDA:22,1,2,4
BRDA:22,1,3,4
BRF:5
BRH:4
end_of_record
TN:
SF:src/common/infrastructure/database/test-seeds/messaging.seed.ts
FN:4,initMessagingTestDatabase
FNF:1
FNH:1
FNDA:17,initMessagingTestDatabase
DA:1,7
DA:2,7
DA:4,7
DA:5,17
DA:6,17
DA:8,17
DA:9,17
DA:19,17
DA:27,17
LF:9
LH:9
BRF:0
BRH:0
end_of_record
TN:
SF:src/common/infrastructure/endpoints/errorSchema.ts
FNF:0
FNH:0
DA:1,10
LF:1
LH:1
BRF:0
BRH:0
end_of_record
TN:
SF:src/common/infrastructure/endpoints/routes.ts
FN:31,registerRoutes
FN:64,(anonymous_2)
FN:66,(anonymous_3)
FN:72,(anonymous_4)
FN:79,(anonymous_5)
FNF:5
FNH:4
FNDA:10,registerRoutes
FNDA:0,(anonymous_2)
FNDA:10,(anonymous_3)
FNDA:10,(anonymous_4)
FNDA:10,(anonymous_5)
DA:2,10
DA:4,10
DA:5,10
DA:7,10
DA:8,10
DA:9,10
DA:11,10
DA:12,10
DA:14,10
DA:15,10
DA:17,10
DA:18,10
DA:19,10
DA:21,10
DA:22,10
DA:23,10
DA:25,10
DA:26,10
DA:27,10
DA:29,10
DA:31,10
DA:32,10
DA:34,10
DA:36,10
DA:37,10
DA:38,10
DA:40,10
DA:41,10
DA:43,10
DA:51,10
DA:52,10
DA:53,10
DA:55,10
DA:64,10
DA:66,10
DA:67,10
DA:68,10
DA:69,10
DA:72,10
DA:73,10
DA:74,10
DA:75,10
DA:76,10
DA:79,10
DA:80,10
DA:81,10
DA:82,10
LF:47
LH:47
BRDA:47,0,0,10
BRDA:47,0,1,10
BRDA:48,1,0,10
BRDA:48,1,1,10
BRF:4
BRH:4
end_of_record
TN:
SF:src/common/infrastructure/server/index.ts
FNF:0
FNH:0
DA:1,0
DA:2,0
DA:4,0
DA:6,0
DA:7,0
DA:9,0
LF:6
LH:0
BRDA:7,0,0,0
BRDA:7,0,1,0
BRF:2
BRH:0
end_of_record
TN:
SF:src/common/infrastructure/server/securityLogger.ts
FN:4,(anonymous_0)
FNF:1
FNH:1
FNDA:20,(anonymous_0)
DA:2,10
DA:4,10
DA:9,20
DA:11,20
DA:13,20
DA:14,2
DA:15,2
DA:16,0
DA:17,0
DA:18,0
DA:19,0
DA:21,0
DA:26,20
DA:28,20
DA:32,20
LF:15
LH:10
BRDA:9,0,0,0
BRDA:9,1,0,20
BRDA:9,1,1,20
BRDA:11,2,0,20
BRDA:11,2,1,2
BRDA:13,3,0,2
BRDA:15,4,0,0
BRDA:15,5,0,2
BRDA:15,5,1,0
BRDA:19,6,0,0
BRDA:19,6,1,0
BRDA:28,7,0,0
BRDA:28,7,1,20
BRDA:37,8,0,20
BRDA:37,8,1,0
BRF:15
BRH:8
end_of_record
TN:
SF:src/common/infrastructure/server/serverBuild.ts
FN:13,build
FN:38,(anonymous_2)
FN:54,(anonymous_3)
FN:55,(anonymous_4)
FN:62,registerSwagger
FN:74,registerSwaggerUI
FN:80,(anonymous_7)
FNF:7
FNH:4
FNDA:10,build
FNDA:0,(anonymous_2)
FNDA:20,(anonymous_3)
FNDA:0,(anonymous_4)
FNDA:10,registerSwagger
FNDA:10,registerSwaggerUI
FNDA:0,(anonymous_7)
DA:1,10
DA:2,10
DA:3,10
DA:4,10
DA:6,10
DA:7,10
DA:8,10
DA:10,10
DA:11,10
DA:13,10
DA:14,10
DA:16,10
DA:24,10
DA:29,10
DA:35,10
DA:38,0
DA:43,10
DA:47,10
DA:48,10
DA:51,10
DA:54,10
DA:55,20
DA:56,20
DA:59,10
DA:63,10
DA:75,10
DA:80,10
DA:81,0
DA:82,0
DA:83,0
DA:84,0
DA:85,0
DA:86,0
DA:88,0
DA:89,0
DA:90,0
LF:36
LH:26
BRDA:14,0,0,10
BRDA:14,0,1,10
BRDA:19,1,0,0
BRDA:19,1,1,10
BRDA:30,2,0,0
BRDA:30,2,1,10
BRDA:44,3,0,10
BRDA:44,3,1,0
BRDA:85,4,0,0
BRDA:85,4,1,0
BRF:10
BRH:5
end_of_record
TN:
SF:src/common/types/fastify.d.ts
FNF:0
FNH:0
LF:0
LH:0
BRF:0
BRH:0
end_of_record
TN:
SF:src/identity/infrastructure/database/repositories/SupabaseUserRepository.ts
FN:8,(anonymous_0)
FN:12,(anonymous_1)
FN:34,(anonymous_2)
FN:48,(anonymous_3)
FNF:4
FNH:1
FNDA:10,(anonymous_0)
FNDA:0,(anonymous_1)
FNDA:0,(anonymous_2)
FNDA:0,(anonymous_3)
DA:7,10
DA:9,10
DA:13,0
DA:19,0
DA:20,0
DA:23,0
DA:24,0
DA:27,0
DA:28,0
DA:31,0
DA:35,0
DA:41,0
DA:42,0
DA:45,0
DA:49,0
DA:55,0
DA:56,0
DA:58,0
LF:18
LH:2
BRDA:19,0,0,0
BRDA:19,1,0,0
BRDA:19,1,1,0
BRDA:23,2,0,0
BRDA:27,3,0,0
BRDA:41,4,0,0
BRDA:41,5,0,0
BRDA:41,5,1,0
BRDA:55,6,0,0
BRDA:56,7,0,0
BRF:10
BRH:0
end_of_record
TN:
SF:src/identity/infrastructure/http/authenticate.ts
FN:3,(anonymous_0)
FNF:1
FNH:0
FNDA:0,(anonymous_0)
DA:3,1
DA:4,0
DA:5,0
DA:6,0
DA:7,0
DA:8,0
DA:10,0
DA:11,0
LF:8
LH:1
BRF:0
BRH:0
end_of_record
TN:
SF:src/identity/infrastructure/middlewares/IdentityMiddlewares.ts
FN:18,(anonymous_0)
FN:19,(anonymous_1)
FN:42,(anonymous_2)
FN:43,(anonymous_3)
FN:59,(anonymous_4)
FN:60,(anonymous_5)
FNF:6
FNH:4
FNDA:1,(anonymous_0)
FNDA:1,(anonymous_1)
FNDA:1,(anonymous_2)
FNDA:0,(anonymous_3)
FNDA:1,(anonymous_4)
FNDA:0,(anonymous_5)
DA:3,1
DA:18,1
DA:19,1
DA:20,1
DA:22,1
DA:23,1
DA:24,1
DA:27,0
DA:28,0
DA:30,0
DA:31,0
DA:33,0
DA:34,0
DA:35,0
DA:42,1
DA:43,1
DA:44,0
DA:45,0
DA:47,0
DA:48,0
DA:50,0
DA:51,0
DA:52,0
DA:59,1
DA:60,1
DA:61,0
DA:62,0
DA:64,0
DA:65,0
DA:67,0
DA:68,0
DA:69,0
DA:74,0
DA:75,0
LF:34
LH:11
BRDA:22,0,0,1
BRDA:22,1,0,1
BRDA:22,1,1,1
BRDA:28,2,0,0
BRDA:31,3,0,0
BRDA:34,4,0,0
BRDA:45,5,0,0
BRDA:48,6,0,0
BRDA:51,7,0,0
BRDA:62,8,0,0
BRDA:65,9,0,0
BRDA:68,10,0,0
BRF:12
BRH:3
end_of_record
TN:
SF:src/messaging/application/services/ManageNotificationsService.ts
FN:4,GetPatientInboxService
FN:15,ReadNotificationService
FN:34,DeleteNotificationService
FNF:3
FNH:3
FNDA:2,GetPatientInboxService
FNDA:3,ReadNotificationService
FNDA:2,DeleteNotificationService
DA:4,11
DA:8,2
DA:9,2
DA:11,1
DA:15,11
DA:20,3
DA:21,3
DA:22,3
DA:24,2
DA:25,2
DA:28,1
DA:30,1
DA:34,11
DA:39,2
DA:40,2
DA:41,2
DA:43,1
DA:44,0
DA:46,1
LF:19
LH:18
BRDA:22,0,0,1
BRDA:24,1,0,2
BRDA:41,2,0,1
BRF:3
BRH:3
end_of_record
TN:
SF:src/messaging/application/services/SendToPatientService.ts
FN:7,SendToPatientService
FNF:1
FNH:1
FNDA:5,SendToPatientService
DA:7,11
DA:16,5
DA:17,5
DA:19,3
DA:20,3
DA:21,1
DA:22,1
DA:24,1
DA:25,1
DA:27,2
LF:10
LH:10
BRDA:17,0,0,2
BRDA:25,1,0,1
BRDA:25,1,1,0
BRF:3
BRH:2
end_of_record
TN:
SF:src/messaging/application/services/SendWeeklyStatsService.ts
FN:9,SendWeeklyStatsService
FN:21,(anonymous_1)
FN:59,calculateWeeklyCounters
FNF:3
FNH:3
FNDA:7,SendWeeklyStatsService
FNDA:1237,(anonymous_1)
FNDA:10,calculateWeeklyCounters
DA:9,11
DA:18,7
DA:19,6
DA:21,1237
DA:23,6
DA:25,4
DA:26,11
DA:27,11
DA:29,11
DA:30,11
DA:32,10
DA:34,10
DA:36,9
DA:42,9
DA:50,9
DA:52,9
DA:54,8
DA:57,2
DA:65,10
DA:66,10
DA:67,10
DA:69,10
DA:70,10
DA:71,10
DA:72,10
DA:74,10
DA:75,10
DA:76,0
DA:78,0
DA:79,0
DA:80,0
DA:81,0
DA:82,0
DA:83,0
DA:87,10
LF:35
LH:28
BRDA:21,0,0,3
BRDA:21,0,1,3
BRDA:23,1,0,2
BRDA:27,2,0,0
BRDA:29,3,0,11
BRDA:29,3,1,1
BRDA:30,4,0,1
BRDA:47,5,0,9
BRDA:47,5,1,0
BRDA:52,6,0,1
BRDA:74,7,0,10
BRDA:74,7,1,0
BRDA:78,8,0,0
BRDA:78,8,1,0
BRDA:79,9,0,0
BRDA:79,9,1,0
BRDA:80,10,0,0
BRDA:80,10,1,0
BRDA:82,11,0,0
BRDA:82,12,0,0
BRDA:82,12,1,0
BRF:21
BRH:9
end_of_record
TN:
SF:src/messaging/infrastructure/database/SupabaseNotificationRepository.ts
FN:14,(anonymous_0)
FN:16,(anonymous_1)
FN:27,(anonymous_2)
FN:38,(anonymous_3)
FN:50,(anonymous_4)
FN:60,(anonymous_5)
FN:70,(anonymous_6)
FNF:7
FNH:7
FNDA:11,(anonymous_0)
FNDA:2,(anonymous_1)
FNDA:1,(anonymous_2)
FNDA:4,(anonymous_3)
FNDA:2,(anonymous_4)
FNDA:1,(anonymous_5)
FNDA:12,(anonymous_6)
DA:13,11
DA:14,11
DA:17,2
DA:24,2
DA:28,1
DA:34,1
DA:35,1
DA:39,4
DA:46,4
DA:47,4
DA:51,2
DA:57,2
DA:61,1
DA:67,1
DA:71,12
DA:77,11
DA:78,11
LF:17
LH:17
BRDA:24,0,0,0
BRDA:34,1,0,0
BRDA:35,2,0,1
BRDA:35,2,1,0
BRDA:46,3,0,0
BRDA:57,4,0,0
BRDA:67,5,0,0
BRDA:77,6,0,0
BRDA:78,7,0,11
BRDA:78,7,1,0
BRF:10
BRH:2
end_of_record
TN:
SF:src/messaging/infrastructure/database/SupabasePatientContactRepository.ts
FN:5,(anonymous_0)
FN:7,(anonymous_1)
FNF:2
FNH:2
FNDA:11,(anonymous_0)
FNDA:4,(anonymous_1)
DA:4,11
DA:5,11
DA:8,4
DA:14,4
DA:15,4
LF:5
LH:5
BRDA:14,0,0,0
BRDA:15,1,0,4
BRDA:15,1,1,2
BRF:3
BRH:2
end_of_record
TN:
SF:src/messaging/infrastructure/database/SupabaseStatsRepository.ts
FN:15,(anonymous_0)
FN:17,(anonymous_1)
FN:26,(anonymous_2)
FN:34,(anonymous_3)
FN:40,(anonymous_4)
FN:65,(anonymous_5)
FNF:6
FNH:5
FNDA:11,(anonymous_0)
FNDA:5,(anonymous_1)
FNDA:2485,(anonymous_2)
FNDA:16,(anonymous_3)
FNDA:2,(anonymous_4)
FNDA:0,(anonymous_5)
DA:14,11
DA:15,11
DA:18,5
DA:22,4
DA:24,4
DA:26,2485
DA:34,16
DA:41,2
DA:47,2
DA:48,1
DA:49,1
DA:51,0
DA:53,1
DA:55,1
DA:57,1
DA:65,0
LF:16
LH:14
BRDA:22,0,0,0
BRDA:24,1,0,4
BRDA:24,1,1,0
BRDA:34,2,0,2485
BRDA:34,2,1,0
BRDA:47,3,0,1
BRDA:48,4,0,1
BRDA:53,5,0,0
BRDA:65,6,0,1
BRDA:65,6,1,0
BRF:10
BRH:5
end_of_record
TN:
SF:src/messaging/infrastructure/endpoints/patientnotifications/patientNotifications.ts
FN:35,patientNotifications
FN:36,(anonymous_1)
FN:37,(anonymous_2)
FN:51,(anonymous_3)
FN:66,(anonymous_4)
FNF:5
FNH:4
FNDA:10,patientNotifications
FNDA:10,(anonymous_1)
FNDA:1,(anonymous_2)
FNDA:1,(anonymous_3)
FNDA:0,(anonymous_4)
DA:3,10
DA:9,10
DA:11,10
DA:12,10
DA:16,10
DA:24,10
DA:36,10
DA:37,10
DA:38,1
DA:39,1
DA:40,1
DA:43,0
DA:44,0
DA:45,0
DA:48,0
DA:51,10
DA:52,1
DA:53,1
DA:54,0
DA:57,1
DA:58,1
DA:60,1
DA:61,0
DA:63,1
DA:66,10
DA:67,0
DA:68,0
DA:69,0
DA:72,0
DA:73,0
DA:75,0
DA:76,0
DA:79,0
DA:84,10
LF:34
LH:20
BRDA:39,0,0,1
BRDA:44,1,0,0
BRDA:53,2,0,0
BRDA:60,3,0,0
BRDA:68,4,0,0
BRDA:75,5,0,0
BRF:6
BRH:1
end_of_record
TN:
SF:src/messaging/infrastructure/endpoints/patientnotifications/schema.ts
FNF:0
FNH:0
DA:1,10
DA:3,10
DA:12,10
DA:32,10
DA:57,10
LF:5
LH:5
BRF:0
BRH:0
end_of_record
TN:
SF:src/messaging/infrastructure/endpoints/sendToPatient/schema.ts
FNF:0
FNH:0
DA:1,10
DA:3,10
LF:2
LH:2
BRF:0
BRH:0
end_of_record
TN:
SF:src/messaging/infrastructure/endpoints/sendToPatient/sendToPatient.ts
FN:34,sendToPatient
FN:35,(anonymous_1)
FN:36,(anonymous_2)
FNF:3
FNH:3
FNDA:10,sendToPatient
FNDA:10,(anonymous_1)
FNDA:3,(anonymous_2)
DA:6,10
DA:8,10
DA:10,10
DA:14,10
DA:21,10
DA:35,10
DA:36,10
DA:37,3
DA:38,3
DA:39,3
DA:41,3
DA:42,1
DA:45,2
DA:47,2
DA:57,2
DA:58,1
DA:63,1
DA:71,0
DA:72,0
DA:78,10
LF:20
LH:18
BRDA:41,0,0,1
BRDA:41,1,0,3
BRDA:41,1,1,2
BRDA:57,2,0,1
BRF:4
BRH:4
end_of_record
TN:
SF:src/messaging/infrastructure/endpoints/sendWeeklyStats/schema.ts
FNF:0
FNH:0
DA:1,10
DA:3,10
LF:2
LH:2
BRF:0
BRH:0
end_of_record
TN:
SF:src/messaging/infrastructure/endpoints/sendWeeklyStats/sendWeeklyStats.ts
FN:39,sendWeeklyStats
FN:40,(anonymous_1)
FN:41,(anonymous_2)
FN:66,(anonymous_3)
FN:106,isInvalidPatientId
FNF:5
FNH:4
FNDA:10,sendWeeklyStats
FNDA:10,(anonymous_1)
FNDA:5,(anonymous_2)
FNDA:0,(anonymous_3)
FNDA:5,isInvalidPatientId
DA:8,10
DA:10,10
DA:12,10
DA:16,10
DA:24,10
DA:40,10
DA:41,10
DA:42,5
DA:43,5
DA:44,5
DA:46,5
DA:47,0
DA:50,5
DA:51,5
DA:52,1
DA:57,4
DA:58,2
DA:66,0
DA:68,2
DA:74,2
DA:84,2
DA:85,1
DA:90,1
DA:99,0
DA:100,0
DA:107,5
DA:110,10
LF:27
LH:23
BRDA:44,0,0,2
BRDA:44,0,1,3
BRDA:46,1,0,0
BRDA:51,2,0,1
BRDA:51,3,0,5
BRDA:51,3,1,5
BRDA:57,4,0,2
BRDA:57,5,0,4
BRDA:57,5,1,4
BRDA:84,6,0,1
BRDA:107,7,0,5
BRDA:107,7,1,2
BRDA:107,7,2,2
BRF:13
BRH:12
end_of_record
TN:
SF:src/messaging/infrastructure/gmail/GmailApiMailRepository.ts
FN:7,(anonymous_0)
FN:18,(anonymous_1)
FN:47,(anonymous_2)
FNF:3
FNH:1
FNDA:8,(anonymous_0)
FNDA:0,(anonymous_1)
FNDA:0,(anonymous_2)
DA:1,8
DA:4,8
DA:8,8
DA:13,8
DA:19,0
DA:48,0
DA:49,0
DA:50,0
DA:51,0
DA:53,0
DA:67,0
DA:68,0
DA:80,0
DA:82,0
DA:88,0
DA:89,0
DA:90,0
DA:92,0
LF:18
LH:4
BRDA:67,0,0,0
BRF:1
BRH:0
end_of_record
TN:
SF:src/messaging/infrastructure/images/HtmlImageGenerator.ts
FN:5,(anonymous_1)
FNF:1
FNH:0
FNDA:0,(anonymous_1)
DA:1,8
DA:2,8
DA:4,8
DA:6,0
DA:7,0
DA:8,0
DA:9,0
DA:11,0
DA:12,0
DA:13,0
DA:14,0
DA:16,0
DA:17,0
DA:21,0
LF:14
LH:3
BRDA:6,0,0,0
BRDA:6,0,1,0
BRDA:12,1,0,0
BRDA:12,1,1,0
BRDA:13,2,0,0
BRDA:13,2,1,0
BRDA:14,3,0,0
BRDA:14,3,1,0
BRDA:17,4,0,0
BRDA:17,4,1,0
BRDA:17,5,0,0
BRDA:17,5,1,0
BRF:12
BRH:0
end_of_record
TN:
SF:src/messaging/infrastructure/templates/HtmlMailTemplateProvider.ts
FN:4,(anonymous_0)
FN:55,(anonymous_1)
FNF:2
FNH:2
FNDA:10,(anonymous_0)
FNDA:2,(anonymous_1)
DA:3,11
DA:11,10
DA:15,10
DA:56,2
DA:57,2
LF:5
LH:5
BRDA:11,0,0,2
BRDA:11,0,1,8
BRDA:56,1,0,0
BRDA:56,1,1,2
BRF:4
BRH:3
end_of_record
